710
cpu  635 6 522 1543 61 31 9 0 0 0
cpu0 100 0 176 366 38 19 2 0 0 0
cpu1 200 3 137 347 6 4 2 0 0 0
cpu2 124 0 98 467 4 3 2 0 0 0
cpu3 210 1 110 361 11 4 2 0 0 0
intr 17251 0 0 0 0 4462 0 0 0 0 0 0 0 0 0 0 0 0 0 0 0 0 0 0 772 2575 2 0 2 0 0 0 0 0 0 0 0 0 0 0 0 0 0 0 0 0 0 0 0 0 0 0 0 11 0 0 0 0 0 0 0 0 0 0 0 0 0 3 0 0 0 0 0 0 0 0 0 0 0 0 0 0 0 0 0 0 0 0 0 0 0 0 0 0 0 0 0 0 0 0 0 0 0 0 0 0 0 0 0 0 0 0 0 0 0 0 0 0 0 0 0 0 0 0 0 0 0 0 0 0 0 0 0 0 0 0 0 0 0 0 0 0 0 0 0 0 0 0 0 0 0 2 2 0 2 0 2 0 0 0 0 31 0 0 0 0 0 0 0 0 0 0 0 0 0 0 0 0 0 0 0 0 0 0 0 0 0 0 0 0 0 0 0 0 0 0 0 0 0 0 0 0 0 2 0 0 0 0 0 0 0 0 0 0 0 0 0 0 0 0 0 0 0 0 0 0 0 0 0 0 0 0 0 0 0 0 0 0 0 0 0 0 0 0
ctxt 33659
btime 3291
processes 593
procs_running 2
procs_blocked 2
softirq 9462 0 4204 0 0 0 0 196 1726 0 3336

734
cpu  667 6 556 1558 65 34 9 0 0 0
cpu0 105 0 187 368 40 21 2 0 0 0
cpu1 212 3 142 350 6 4 2 0 0 0
cpu2 128 0 107 474 6 3 2 0 0 0
cpu3 220 1 118 364 12 4 2 0 0 0
intr 18602 0 0 0 0 4683 0 0 0 0 0 0 0 0 0 0 0 0 0 0 0 0 0 0 804 2958 2 0 2 0 0 0 0 0 0 0 0 0 0 0 0 0 0 0 0 0 0 0 0 0 0 0 0 11 0 0 0 0 0 0 0 0 0 0 0 0 0 3 0 0 0 0 0 0 0 0 0 0 0 0 0 0 0 0 0 0 0 0 0 0 0 0 0 0 0 0 0 0 0 0 0 0 0 0 0 0 0 0 0 0 0 0 0 0 0 0 0 0 0 0 0 0 0 0 0 0 0 0 0 0 0 0 0 0 0 0 0 0 0 0 0 0 0 0 0 0 0 0 0 0 0 2 2 0 2 0 2 0 0 0 0 31 0 0 0 0 0 0 0 0 0 0 0 0 0 0 0 0 0 0 0 0 0 0 0 0 0 0 0 0 0 0 0 0 0 0 0 0 0 0 0 0 0 2 0 0 0 0 0 0 0 0 0 0 0 0 0 0 0 0 0 0 0 0 0 0 0 0 0 0 0 0 0 0 0 0 0 0 0 0 0 0 0 0
ctxt 36632
btime 3291
processes 686
procs_running 8
procs_blocked 1
softirq 10010 0 4411 0 0 0 0 234 1845 0 3520

759
cpu  700 7 579 1594 68 36 10 0 0 0
cpu0 114 0 195 371 42 23 3 0 0 0
cpu1 217 3 146 365 6 4 2 0 0 0
cpu2 134 0 113 487 6 3 2 0 0 0
cpu3 233 2 124 368 12 4 2 0 0 0
intr 19696 0 0 0 0 4892 0 0 0 0 0 0 0 0 0 0 0 0 0 0 0 0 0 0 804 3205 2 0 2 0 0 0 0 0 0 0 0 0 0 0 0 0 0 0 0 0 0 0 0 0 0 0 0 11 0 0 0 0 0 0 0 0 0 0 0 0 0 3 0 0 0 0 0 0 0 0 0 0 0 0 0 0 0 0 0 0 0 0 0 0 0 0 0 0 0 0 0 0 0 0 0 0 0 0 0 0 0 0 0 0 0 0 0 0 0 0 0 0 0 0 0 0 0 0 0 0 0 0 0 0 0 0 0 0 0 0 0 0 0 0 0 0 0 0 0 0 0 0 0 0 0 2 2 0 2 0 2 0 0 0 0 31 0 0 0 0 0 0 0 0 0 0 0 0 0 0 0 0 0 0 0 0 0 0 0 0 0 0 0 0 0 0 0 0 0 0 0 0 0 0 0 0 0 2 0 0 0 0 0 0 0 0 0 0 0 0 0 0 0 0 0 0 0 0 0 0 0 0 0 0 0 0 0 0 0 0 0 0 0 0 0 0 0 0
ctxt 38997
btime 3291
processes 723
procs_running 3
procs_blocked 0
softirq 10472 0 4605 0 0 0 0 246 1921 0 3700

782
cpu  728 7 600 1632 69 37 10 0 0 0
cpu0 116 0 202 383 43 23 3 0 0 0
cpu1 227 3 148 375 6 4 2 0 0 0
cpu2 142 0 122 493 6 3 2 0 0 0
cpu3 242 2 126 379 12 5 2 0 0 0
intr 20269 0 0 0 0 5081 0 0 0 0 0 0 0 0 0 0 0 0 0 0 0 0 0 0 804 3295 2 0 2 0 0 0 0 0 0 0 0 0 0 0 0 0 0 0 0 0 0 0 0 0 0 0 0 11 0 0 0 0 0 0 0 0 0 0 0 0 0 3 0 0 0 0 0 0 0 0 0 0 0 0 0 0 0 0 0 0 0 0 0 0 0 0 0 0 0 0 0 0 0 0 0 0 0 0 0 0 0 0 0 0 0 0 0 0 0 0 0 0 0 0 0 0 0 0 0 0 0 0 0 0 0 0 0 0 0 0 0 0 0 0 0 0 0 0 0 0 0 0 0 0 0 2 2 0 2 0 2 0 0 0 0 31 0 0 0 0 0 0 0 0 0 0 0 0 0 0 0 0 0 0 0 0 0 0 0 0 0 0 0 0 0 0 0 0 0 0 0 0 0 0 0 0 0 2 0 0 0 0 0 0 0 0 0 0 0 0 0 0 0 0 0 0 0 0 0 0 0 0 0 0 0 0 0 0 0 0 0 0 0 0 0 0 0 0
ctxt 40106
btime 3291
processes 726
procs_running 5
procs_blocked 0
softirq 10895 0 4783 0 0 0 0 246 2005 0 3861

806
cpu  759 7 616 1668 73 39 10 0 0 0
cpu0 121 0 208 389 47 25 3 0 0 0
cpu1 243 3 150 379 6 4 2 0 0 0
cpu2 146 0 127 506 6 3 2 0 0 0
cpu3 248 2 129 392 12 5 2 0 0 0
intr 21293 0 0 0 0 5272 0 0 0 0 0 0 0 0 0 0 0 0 0 0 0 0 0 0 804 3459 2 0 2 0 0 0 0 0 0 0 0 0 0 0 0 0 0 0 0 0 0 0 0 0 0 0 0 11 0 0 0 0 0 0 0 0 0 0 0 0 0 3 0 0 0 0 0 0 0 0 0 0 0 0 0 0 0 0 0 0 0 0 0 0 0 0 0 0 0 0 0 0 0 0 0 0 0 0 0 0 0 0 0 0 0 0 0 0 0 0 0 0 0 0 0 0 0 0 0 0 0 0 0 0 0 0 0 0 0 0 0 0 0 0 0 0 0 0 0 0 0 0 0 0 0 2 2 0 2 0 2 0 0 0 0 31 0 0 0 0 0 0 0 0 0 0 0 0 0 0 0 0 0 0 0 0 0 0 0 0 0 0 0 0 0 0 0 0 0 0 0 0 0 0 0 0 0 2 0 0 0 0 0 0 0 0 0 0 0 0 0 0 0 0 0 0 0 0 0 0 0 0 0 0 0 0 0 0 0 0 0 0 0 0 0 0 0 0
ctxt 42008
btime 3291
processes 730
procs_running 3
procs_blocked 0
softirq 11312 0 4959 0 0 0 0 246 2089 0 4018

829
cpu  785 7 636 1703 79 41 11 0 0 0
cpu0 124 0 215 393 53 26 3 0 0 0
cpu1 244 3 156 396 6 5 2 0 0 0
cpu2 149 0 133 520 6 3 2 0 0 0
cpu3 268 2 132 392 12 5 2 0 0 0
intr 22435 0 0 0 0 5447 0 0 0 0 0 0 0 0 0 0 0 0 0 0 0 0 0 0 804 3678 2 0 2 0 0 0 0 0 0 0 0 0 0 0 0 0 0 0 0 0 0 0 0 0 0 0 0 11 0 0 0 0 0 0 0 0 0 0 0 0 0 3 0 0 0 0 0 0 0 0 0 0 0 0 0 0 0 0 0 0 0 0 0 0 0 0 0 0 0 0 0 0 0 0 0 0 0 0 0 0 0 0 0 0 0 0 0 0 0 0 0 0 0 0 0 0 0 0 0 0 0 0 0 0 0 0 0 0 0 0 0 0 0 0 0 0 0 0 0 0 0 0 0 0 0 2 2 0 2 0 2 0 0 0 0 31 0 0 0 0 0 0 0 0 0 0 0 0 0 0 0 0 0 0 0 0 0 0 0 0 0 0 0 0 0 0 0 0 0 0 0 0 0 0 0 0 0 2 0 0 0 0 0 0 0 0 0 0 0 0 0 0 0 0 0 0 0 0 0 0 0 0 0 0 0 0 0 0 0 0 0 0 0 0 0 0 0 0
ctxt 44050
btime 3291
processes 733
procs_running 3
procs_blocked 0
softirq 11692 0 5122 0 0 0 0 246 2163 0 4161

852
cpu  805 8 663 1742 81 42 11 0 0 0
cpu0 127 0 221 402 54 27 3 0 0 0
cpu1 247 4 165 405 7 5 2 0 0 0
cpu2 150 0 140 533 6 4 2 0 0 0
cpu3 279 2 134 400 12 5 2 0 0 0
intr 23199 0 0 0 0 5643 0 0 0 0 0 0 0 0 0 0 0 0 0 0 0 0 0 0 804 3842 2 0 2 0 0 0 0 0 0 0 0 0 0 0 0 0 0 0 0 0 0 0 0 0 0 0 0 11 0 0 0 0 0 0 0 0 0 0 0 0 0 3 0 0 0 0 0 0 0 0 0 0 0 0 0 0 0 0 0 0 0 0 0 0 0 0 0 0 0 0 0 0 0 0 0 0 0 0 0 0 0 0 0 0 0 0 0 0 0 0 0 0 0 0 0 0 0 0 0 0 0 0 0 0 0 0 0 0 0 0 0 0 0 0 0 0 0 0 0 0 0 0 0 0 0 2 2 0 2 0 2 0 0 0 0 31 0 0 0 0 0 0 0 0 0 0 0 0 0 0 0 0 0 0 0 0 0 0 0 0 0 0 0 0 0 0 0 0 0 0 0 0 0 0 0 0 0 2 0 0 0 0 0 0 0 0 0 0 0 0 0 0 0 0 0 0 0 0 0 0 0 0 0 0 0 0 0 0 0 0 0 0 0 0 0 0 0 0
ctxt 45857
btime 3291
processes 742
procs_running 6
procs_blocked 1
softirq 12171 0 5305 0 0 0 0 250 2286 0 4330

875
cpu  819 8 690 1788 82 44 11 0 0 0
cpu0 132 0 228 413 54 28 3 0 0 0
cpu1 249 4 170 421 7 5 2 0 0 0
cpu2 156 0 150 538 7 4 2 0 0 0
cpu3 280 2 141 414 13 5 2 0 0 0
intr 24043 0 0 0 0 5823 0 0 0 0 0 0 0 0 0 0 0 0 0 0 0 0 0 0 825 3971 2 0 2 0 0 0 0 0 0 0 0 0 0 0 0 0 0 0 0 0 0 0 0 0 0 0 0 11 0 0 0 0 0 0 0 0 0 0 0 0 0 3 0 0 0 0 0 0 0 0 0 0 0 0 0 0 0 0 0 0 0 0 0 0 0 0 0 0 0 0 0 0 0 0 0 0 0 0 0 0 0 0 0 0 0 0 0 0 0 0 0 0 0 0 0 0 0 0 0 0 0 0 0 0 0 0 0 0 0 0 0 0 0 0 0 0 0 0 0 0 0 0 0 0 0 2 2 0 2 0 2 0 0 0 0 31 0 0 0 0 0 0 0 0 0 0 0 0 0 0 0 0 0 0 0 0 0 0 0 0 0 0 0 0 0 0 0 0 0 0 0 0 0 0 0 0 0 2 0 0 0 0 0 0 0 0 0 0 0 0 0 0 0 0 0 0 0 0 0 0 0 0 0 0 0 0 0 0 0 0 0 0 0 0 0 0 0 0
ctxt 47362
btime 3291
processes 750
procs_running 2
procs_blocked 0
softirq 12623 0 5471 0 0 0 0 258 2412 0 4482

899
cpu  829 8 710 1850 82 44 12 0 0 0
cpu0 133 0 233 430 54 28 3 0 0 0
cpu1 251 4 173 439 7 5 2 0 0 0
cpu2 161 0 159 548 7 4 2 0 0 0
cpu3 282 2 143 432 13 5 2 0 0 0
intr 24515 0 0 0 0 5991 0 0 0 0 0 0 0 0 0 0 0 0 0 0 0 0 0 0 825 3989 2 0 2 0 0 0 0 0 0 0 0 0 0 0 0 0 0 0 0 0 0 0 0 0 0 0 0 11 0 0 0 0 0 0 0 0 0 0 0 0 0 3 0 0 0 0 0 0 0 0 0 0 0 0 0 0 0 0 0 0 0 0 0 0 0 0 0 0 0 0 0 0 0 0 0 0 0 0 0 0 0 0 0 0 0 0 0 0 0 0 0 0 0 0 0 0 0 0 0 0 0 0 0 0 0 0 0 0 0 0 0 0 0 0 0 0 0 0 0 0 0 0 0 0 0 2 2 0 2 0 2 0 0 0 0 31 0 0 0 0 0 0 0 0 0 0 0 0 0 0 0 0 0 0 0 0 0 0 0 0 0 0 0 0 0 0 0 0 0 0 0 0 0 0 0 0 0 2 0 0 0 0 0 0 0 0 0 0 0 0 0 0 0 0 0 0 0 0 0 0 0 0 0 0 0 0 0 0 0 0 0 0 0 0 0 0 0 0
ctxt 48358
btime 3291
processes 758
procs_running 3
procs_blocked 0
softirq 13072 0 5628 0 0 0 0 258 2555 0 4631

924
cpu  847 8 767 1858 93 48 12 0 0 0
cpu0 136 0 249 430 58 31 3 0 0 0
cpu1 259 4 186 442 9 5 3 0 0 0
cpu2 166 0 172 551 9 4 3 0 0 0
cpu3 286 3 159 434 16 6 3 0 0 0
intr 26364 0 0 0 0 6230 0 0 0 0 0 0 0 0 0 0 0 0 0 0 0 0 0 0 877 4445 2 0 2 0 0 0 0 0 0 0 0 0 0 0 0 0 0 0 0 0 0 0 0 0 0 0 0 11 0 0 0 0 0 0 0 0 0 0 0 0 0 3 0 0 0 0 0 0 0 0 0 0 0 0 0 0 0 0 0 0 0 0 0 0 0 0 0 0 0 0 0 0 0 0 0 0 0 0 0 0 0 0 0 0 0 0 0 0 0 0 0 0 0 0 0 0 0 0 0 0 0 0 0 0 0 0 0 0 0 0 0 0 0 0 0 0 0 0 0 0 0 0 0 0 0 2 2 0 2 0 2 0 0 0 0 31 0 0 0 0 0 0 0 0 0 0 0 0 0 0 0 0 0 0 0 0 0 0 0 0 0 0 0 0 0 0 0 0 0 0 0 0 0 0 0 0 0 2 0 0 0 0 0 0 0 0 0 0 0 0 0 0 0 0 0 0 0 0 0 0 0 0 0 0 0 0 0 0 0 0 0 0 0 0 0 0 0 0
ctxt 52008
btime 3291
processes 825
procs_running 6
procs_blocked 2
softirq 13654 0 5849 0 0 0 0 268 2700 0 4837

949
cpu  863 8 821 1874 99 51 13 0 0 0
cpu0 139 0 262 430 61 34 3 0 0 0
cpu1 261 4 203 445 10 5 3 0 0 0
cpu2 171 0 185 557 9 4 3 0 0 0
cpu3 291 3 170 440 17 6 3 0 0 0
intr 27842 0 0 0 0 6452 0 0 0 0 0 0 0 0 0 0 0 0 0 0 0 0 0 0 884 4823 2 0 2 0 0 5 0 0 0 0 0 0 0 0 0 0 0 0 0 0 0 0 0 0 0 0 0 11 0 0 0 0 0 0 0 0 0 0 0 0 0 3 0 0 0 0 0 0 0 0 0 0 0 0 0 0 0 0 0 0 0 0 0 0 0 0 0 0 0 0 0 0 0 0 0 0 0 0 0 0 0 0 0 0 0 0 0 0 0 0 0 0 0 0 0 0 0 0 0 0 0 0 0 0 0 0 0 0 0 0 0 0 0 0 0 0 0 0 0 0 0 0 0 0 0 2 2 0 2 0 2 0 0 0 0 31 0 0 0 0 0 0 0 0 0 0 0 0 0 0 0 0 0 0 0 1 0 1 0 0 0 0 0 0 0 0 0 0 0 0 0 0 0 0 0 0 0 2 0 0 0 0 0 0 0 0 0 0 0 0 0 0 0 0 0 0 0 0 0 0 0 0 0 0 0 0 0 0 0 0 0 0 0 0 0 0 0 0 3
ctxt 54948
btime 3291
processes 844
procs_running 11
procs_blocked 2
softirq 14155 0 6050 0 0 0 0 272 2820 0 5013

972
cpu  882 8 861 1895 105 56 13 0 0 0
cpu0 142 0 274 430 65 38 3 0 0 0
cpu1 267 4 210 453 10 6 3 0 0 0
cpu2 173 0 195 567 10 5 3 0 0 0
cpu3 298 3 180 444 18 6 3 0 0 0
intr 30535 0 0 0 0 6654 0 0 0 0 0 0 0 0 0 0 0 0 0 0 0 0 0 0 886 5227 2 0 2 0 0 6 0 0 0 0 0 0 0 0 0 0 0 0 0 0 0 0 0 0 0 0 0 11 0 0 0 0 0 0 0 0 0 0 0 0 0 3 0 0 0 0 0 0 0 0 0 0 0 0 0 0 0 0 0 0 0 0 0 0 0 0 0 0 0 0 0 0 0 0 0 0 0 0 0 0 0 0 0 0 0 0 0 0 0 0 0 0 0 0 0 0 0 0 0 0 0 0 0 0 0 0 0 0 0 0 0 0 0 0 0 0 0 0 0 0 0 0 0 0 0 2 2 0 2 0 2 0 0 0 0 31 0 0 0 0 0 0 0 0 0 0 0 0 0 0 0 0 0 0 0 1 0 1 0 0 0 0 0 0 0 0 0 0 0 0 0 0 0 0 0 0 0 2 0 0 0 0 0 0 0 0 0 0 0 0 0 0 0 0 0 0 0 0 0 0 0 0 0 0 0 0 0 0 0 0 0 0 0 0 0 0 0 0 787
ctxt 58980
btime 3291
processes 865
procs_running 6
procs_blocked 0
softirq 14651 0 6247 0 0 0 0 272 2937 0 5195

995
cpu  921 8 900 1902 107 60 14 0 0 0
cpu0 153 0 282 430 66 41 4 0 0 0
cpu1 285 4 215 453 10 6 3 0 0 0
cpu2 177 0 209 570 11 5 3 0 0 0
cpu3 306 3 192 447 18 6 3 0 0 0
intr 32238 0 0 0 0 6900 0 0 0 0 0 0 0 0 0 0 0 0 0 0 0 0 0 0 937 5453 2 0 2 0 0 6 0 0 0 0 0 0 0 0 0 0 0 0 0 0 38 0 0 0 0 0 0 11 0 0 0 0 0 0 0 0 0 0 0 0 0 3 0 0 0 0 0 0 0 0 0 0 0 0 0 0 0 0 0 0 0 0 0 0 0 0 0 0 0 0 0 0 0 0 0 0 0 0 0 0 0 0 0 0 0 0 0 0 0 0 0 0 0 0 0 0 0 0 0 0 0 0 0 0 0 0 0 0 0 0 0 0 0 0 0 0 0 0 0 0 0 0 0 0 0 2 2 0 2 0 2 0 0 0 0 31 0 0 0 0 0 0 0 0 0 0 0 0 0 0 0 0 0 0 0 1 0 1 0 0 0 0 0 0 0 0 0 0 0 0 0 0 0 0 0 0 0 2 0 0 0 0 0 0 0 0 0 0 0 0 0 0 0 0 0 0 0 0 0 0 0 0 0 0 0 0 0 0 0 0 0 0 0 0 0 0 0 0 1270
ctxt 61692
btime 3291
processes 889
procs_running 14
procs_blocked 0
softirq 15141 0 6467 0 0 0 0 286 3016 0 5372

1026
cpu  963 8 970 1904 108 64 15 0 0 0
cpu0 167 0 295 430 66 45 4 0 0 0
cpu1 293 4 235 454 11 6 3 0 0 0
cpu2 186 0 227 571 11 5 3 0 0 0
cpu3 316 3 211 447 19 7 3 0 0 0
intr 33836 0 0 0 0 7267 0 0 0 0 0 0 0 0 0 0 0 0 0 0 0 0 0 0 946 5867 2 0 2 0 0 6 0 0 0 0 0 0 0 0 0 0 0 0 0 0 51 0 0 0 0 0 0 11 0 0 0 0 0 0 0 0 0 0 0 0 0 3 0 0 0 0 0 0 0 0 0 0 0 0 0 0 0 0 0 0 0 0 0 0 0 0 0 0 0 0 0 0 0 0 0 0 0 0 0 0 0 0 0 0 0 0 0 0 0 0 0 0 0 0 0 0 0 0 0 0 0 0 0 0 0 0 0 0 0 0 0 0 0 0 0 0 0 0 0 0 0 0 0 0 0 2 2 0 2 0 2 0 0 0 0 31 0 0 0 0 0 0 0 0 0 0 0 0 0 0 0 0 0 0 0 1 0 1 0 0 0 0 0 0 0 0 0 0 0 0 0 0 0 0 0 0 0 2 0 0 0 0 0 0 0 0 0 0 0 0 0 0 0 0 0 0 0 0 0 0 0 0 0 0 0 0 0 0 0 0 0 0 0 0 0 0 0 0 1458
ctxt 65035
btime 3291
processes 915
procs_running 28
procs_blocked 1
softirq 15743 0 6748 0 0 0 0 296 3068 0 5631

1061
cpu  1008 9 1051 1907 109 70 16 0 0 0
cpu0 175 0 318 430 66 49 4 0 0 0
cpu1 309 4 251 455 11 6 3 0 0 0
cpu2 196 1 249 573 11 6 4 0 0 0
cpu3 327 3 232 448 19 7 4 0 0 0
intr 35675 0 0 0 0 7616 0 0 0 0 0 0 0 0 0 0 0 0 0 0 0 0 0 0 946 6349 2 0 2 0 0 6 0 0 0 0 0 0 0 0 0 0 0 0 0 0 51 0 0 0 0 0 0 11 0 0 0 0 0 0 0 0 0 0 0 0 0 3 0 0 0 0 0 0 0 0 0 0 0 0 0 0 0 0 0 0 0 0 0 0 0 0 0 0 0 0 0 0 0 0 0 0 0 0 0 0 0 0 0 0 0 0 0 0 0 0 0 0 0 0 0 0 0 0 0 0 0 0 0 0 0 0 0 0 0 0 0 0 0 0 0 0 0 0 0 0 0 0 0 0 0 2 2 0 2 0 2 0 0 0 0 33 0 0 0 0 0 0 0 0 0 0 0 0 0 0 0 0 0 0 0 1 0 1 0 0 0 0 0 0 0 0 0 0 0 0 0 0 0 0 0 0 0 2 0 0 0 0 0 0 0 0 0 0 0 0 0 0 0 0 0 0 0 0 0 0 0 0 0 0 0 0 0 0 0 0 0 0 0 0 0 0 0 0 1700
ctxt 69135
btime 3291
processes 943
procs_running 26
procs_blocked 3
softirq 16413 0 7087 0 0 0 0 296 3124 0 5906

1097
cpu  1058 9 1133 1909 110 75 16 0 0 0
cpu0 187 0 337 430 66 53 4 0 0 0
cpu1 322 4 272 455 11 7 3 0 0 0
cpu2 210 1 267 573 11 6 4 0 0 0
cpu3 338 3 255 448 20 7 4 0 0 0
intr 37196 0 0 0 0 7975 0 0 0 8 8 0 0 0 0 0 0 0 0 0 0 0 0 0 946 6747 2 0 2 0 0 7 0 0 0 0 0 0 0 0 0 0 0 0 0 0 51 0 0 0 0 0 0 11 0 0 0 0 0 0 0 0 0 0 0 0 0 3 0 0 0 0 0 0 0 0 0 0 0 0 0 0 0 0 0 0 0 0 0 0 0 0 0 0 0 0 0 0 0 0 0 0 0 0 0 0 0 0 0 0 0 0 0 0 0 0 0 0 0 0 0 0 0 0 0 0 0 0 0 0 0 0 0 0 0 0 0 0 0 0 0 0 0 0 0 0 0 0 0 0 0 2 2 0 2 0 2 0 0 0 0 33 0 0 0 0 0 0 0 0 0 0 0 0 0 0 0 0 0 0 0 1 0 1 0 0 0 0 0 0 0 0 0 0 0 0 0 0 0 0 0 0 0 2 0 0 0 0 0 0 0 0 0 0 0 0 0 0 0 0 0 0 0 0 0 0 0 0 0 0 0 0 0 0 0 0 0 0 0 0 0 0 0 0 1801
ctxt 72877
btime 3291
processes 992
procs_running 27
procs_blocked 1
softirq 17042 0 7420 0 0 0 0 296 3157 0 6169

1140
cpu  1128 9 1226 1909 110 80 17 0 0 0
cpu0 202 0 361 430 66 57 4 0 0 0
cpu1 343 4 292 456 11 7 4 0 0 0
cpu2 223 1 296 573 11 6 4 0 0 0
cpu3 358 3 276 449 20 8 4 0 0 0
intr 38839 0 0 0 0 8470 0 0 0 11 11 0 0 0 0 0 0 0 0 0 0 0 0 0 948 7133 2 0 2 0 0 9 0 0 0 0 0 0 0 0 0 0 0 0 0 0 51 0 0 0 0 0 0 11 0 0 0 0 0 0 0 0 0 0 0 0 0 3 0 0 0 0 0 0 0 0 0 0 0 0 0 0 0 0 0 0 0 0 0 0 0 0 0 0 0 0 0 0 0 0 0 0 0 0 0 0 0 0 0 0 0 0 0 0 0 0 0 0 0 0 0 0 0 0 0 0 0 0 0 0 0 0 0 0 0 0 0 0 0 0 0 0 0 0 0 0 0 0 0 0 0 2 2 0 2 0 2 0 0 0 0 33 0 0 0 0 0 0 0 0 0 0 0 0 0 0 0 0 0 0 0 1 0 1 0 0 0 0 0 0 1 0 0 0 0 0 0 0 0 0 0 0 0 2 0 0 0 0 0 0 0 0 0 0 0 0 0 0 0 0 0 0 0 0 0 0 0 0 0 0 0 0 0 0 0 0 0 0 0 0 0 0 0 0 1985 2 2 0 0 0
ctxt 76432
btime 3291
processes 1085
procs_running 14
procs_blocked 1
softirq 17783 0 7830 0 0 0 0 298 3184 0 6471

1168
cpu  1161 9 1298 1911 111 86 18 0 0 0
cpu0 209 0 377 430 66 62 4 0 0 0
cpu1 357 4 304 456 12 8 4 0 0 0
cpu2 224 1 323 573 11 7 4 0 0 0
cpu3 368 3 293 449 20 8 4 0 0 0
intr 40712 0 0 0 0 8768 0 0 0 11 11 0 0 0 0 0 0 0 0 0 0 0 0 0 948 7540 2 0 2 0 0 9 0 0 0 0 0 0 0 0 0 0 0 0 0 0 51 0 0 0 0 0 0 11 0 0 0 0 0 0 0 0 0 0 0 0 0 3 0 0 0 0 0 0 0 0 0 0 0 0 0 0 0 0 0 0 0 0 0 0 0 0 0 0 0 0 0 0 0 0 0 0 0 0 0 0 0 0 0 0 0 0 0 0 0 0 0 0 0 0 0 0 0 0 0 0 0 0 0 0 0 0 0 0 0 0 0 0 0 0 0 0 0 0 0 0 0 0 0 0 0 2 2 0 2 0 2 0 0 0 0 34 0 0 0 0 0 0 0 0 0 0 0 0 0 0 0 0 0 0 0 1 0 1 0 0 0 0 0 0 1 0 0 0 0 0 0 0 0 0 0 0 0 2 0 0 0 0 0 0 0 0 0 0 0 0 0 0 0 0 0 0 0 0 0 0 0 0 0 0 0 0 0 0 0 0 0 0 0 0 0 0 0 0 2331 2 2 0 0 0 0 0 0 0 0 0 0
ctxt 80033
btime 3291
processes 1102
procs_running 12
procs_blocked 3
softirq 18283 0 8109 0 0 0 0 298 3215 0 6661

1197
cpu  1204 14 1361 1911 111 89 18 0 0 0
cpu0 214 1 397 430 66 65 4 0 0 0
cpu1 370 9 315 456 12 8 4 0 0 0
cpu2 227 1 348 573 11 7 4 0 0 0
cpu3 392 3 299 449 20 8 4 0 0 0
intr 41743 0 0 0 0 9068 0 0 0 11 11 0 0 0 0 0 0 0 0 0 0 0 0 0 948 7782 2 0 2 0 0 9 0 0 0 0 0 0 0 0 0 0 0 0 0 0 51 0 0 0 0 0 0 11 0 0 0 0 0 0 0 0 0 0 0 0 0 3 0 0 0 0 0 0 0 0 0 0 0 0 0 0 0 0 0 0 0 0 0 0 0 0 0 0 0 0 0 0 0 0 0 0 0 0 0 0 0 0 0 0 0 0 0 0 0 0 0 0 0 0 0 0 0 0 0 0 0 0 0 0 0 0 0 0 0 0 0 0 0 0 0 0 0 0 0 0 0 0 0 0 0 2 2 0 2 0 2 0 0 0 0 34 0 0 0 0 0 0 0 0 0 0 0 0 0 0 0 0 0 0 0 1 0 1 0 0 0 0 0 0 1 0 0 0 0 0 0 0 0 0 0 0 0 2 0 0 0 0 0 0 0 0 0 0 0 0 0 0 0 0 0 0 0 0 0 0 0 0 0 0 0 0 0 0 0 0 0 0 0 0 0 0 0 0 2620 2 2 0 0 0 0 0 0 0 0 0 0
ctxt 82111
btime 3291
processes 1121
procs_running 12
procs_blocked 1
softirq 18803 0 8401 0 0 0 0 298 3228 0 6876

1229
cpu  1259 17 1428 1912 112 93 19 0 0 0
cpu0 227 1 415 430 66 67 4 0 0 0
cpu1 378 10 335 457 13 8 4 0 0 0
cpu2 231 2 375 573 12 7 4 0 0 0
cpu3 421 3 301 449 20 9 4 0 0 0
intr 43033 0 0 0 0 9419 0 0 0 11 11 0 0 0 0 0 0 0 0 0 0 0 0 0 961 7963 2 0 2 0 0 9 0 0 0 0 0 0 0 0 0 0 0 0 0 0 51 0 0 0 0 0 0 11 0 0 0 0 0 0 0 0 0 0 0 0 0 3 0 0 0 0 0 0 0 0 0 0 0 0 0 0 0 0 0 0 0 0 0 0 0 0 0 0 0 0 0 0 0 0 0 0 0 0 0 0 0 0 0 0 0 0 0 0 0 0 0 0 0 0 0 0 0 0 0 0 0 0 0 0 0 0 0 0 0 0 0 0 0 0 0 0 0 0 0 0 0 0 0 0 0 2 2 0 2 0 2 0 0 0 0 34 0 0 0 0 0 0 0 0 0 0 0 0 0 0 0 0 0 0 0 1 0 1 0 0 0 0 0 0 1 0 0 0 0 0 0 0 0 0 0 0 0 2 0 0 0 0 0 0 0 0 0 0 0 0 0 0 0 0 0 0 0 0 0 0 0 0 0 0 0 0 0 0 0 0 0 0 0 0 0 0 0 0 2969 3 2 0 0 0 0 0 0 0 0 0 0 0
ctxt 84885
btime 3291
processes 1138
procs_running 12
procs_blocked 0
softirq 19412 0 8725 0 0 0 0 302 3261 0 7124

1254
cpu  1311 18 1468 1913 113 96 19 0 0 0
cpu0 234 1 429 430 67 69 4 0 0 0
cpu1 379 10 357 459 13 9 5 0 0 0
cpu2 251 3 380 573 12 8 4 0 0 0
cpu3 445 3 301 449 20 9 4 0 0 0
intr 43936 0 0 0 0 9678 0 0 0 11 11 0 0 0 0 0 0 0 0 0 0 0 0 0 961 8118 2 0 2 0 0 9 0 0 0 0 0 0 0 0 0 0 0 0 0 0 51 0 0 0 0 0 0 11 0 0 0 0 0 0 0 0 0 0 0 0 0 3 0 0 0 0 0 0 0 0 0 0 0 0 0 0 0 0 0 0 0 0 0 0 0 0 0 0 0 0 0 0 0 0 0 0 0 0 0 0 0 0 0 0 0 0 0 0 0 0 0 0 0 0 0 0 0 0 0 0 0 0 0 0 0 0 0 0 0 0 0 0 0 0 0 0 0 0 0 0 0 0 0 0 0 2 2 0 2 0 2 0 0 0 0 34 0 0 0 0 0 0 0 0 0 0 0 0 0 0 0 0 0 0 0 1 0 1 0 0 0 0 0 0 1 0 0 0 0 0 0 0 0 0 0 0 0 2 0 0 0 0 0 0 0 0 0 0 0 0 0 0 0 0 0 0 0 0 0 0 0 0 0 0 0 0 0 0 0 0 0 0 0 0 0 0 0 0 3277 3 2 0 0 0 0 0 0 0 0 0 0 0
ctxt 86282
btime 3291
processes 1153
procs_running 13
procs_blocked 1
softirq 19855 0 8971 0 0 0 0 302 3290 0 7292

1282
cpu  1354 32 1516 1914 114 100 19 0 0 0
cpu0 252 1 435 430 67 73 4 0 0 0
cpu1 382 10 381 459 13 9 5 0 0 0
cpu2 261 10 389 573 12 8 4 0 0 0
cpu3 458 9 309 450 20 9 5 0 0 0
intr 45720 0 0 0 0 9965 0 0 0 11 11 0 0 0 0 0 0 0 0 0 0 0 0 0 975 8301 2 0 2 0 0 11 0 0 0 0 0 0 0 0 0 0 0 0 0 0 51 0 0 0 0 0 0 11 0 0 0 0 0 0 0 0 0 0 0 0 0 3 0 0 0 0 0 0 0 0 0 0 0 0 0 0 0 0 0 0 0 0 0 0 0 0 0 0 0 0 0 0 0 0 0 0 0 0 0 0 0 0 0 0 0 0 0 0 0 0 0 0 0 0 0 0 0 0 0 0 0 0 0 0 0 0 0 0 0 0 0 0 0 0 0 0 0 0 0 0 0 0 0 0 0 2 2 0 2 0 2 0 0 0 0 34 0 0 0 0 0 0 0 0 0 0 0 0 0 0 0 0 0 0 0 1 0 1 0 0 0 0 0 0 2 0 0 0 0 0 0 0 0 0 0 0 0 2 0 0 0 0 0 0 0 0 0 0 0 0 0 0 0 0 0 0 0 0 0 0 0 0 0 0 0 0 0 0 0 0 0 0 0 0 0 0 0 0 4034 3 2 0 0 0 0 0 0 0 0 0 0 0
ctxt 88297
btime 3291
processes 1157
procs_running 12
procs_blocked 2
softirq 20329 0 9245 0 0 0 0 302 3303 0 7479

1312
cpu  1406 34 1579 1914 114 103 20 0 0 0
cpu0 272 2 443 430 67 75 5 0 0 0
cpu1 383 10 410 459 13 9 5 0 0 0
cpu2 263 11 414 574 12 8 5 0 0 0
cpu3 486 10 310 450 20 9 5 0 0 0
intr 46871 0 0 0 0 10287 0 0 0 11 11 0 0 0 0 0 0 0 0 0 0 0 0 0 978 8383 2 0 2 0 0 12 0 0 0 0 0 0 0 0 0 0 0 0 0 0 51 0 0 0 0 0 0 11 0 0 0 0 0 0 0 0 0 0 0 0 0 3 0 0 0 0 0 0 0 0 0 0 0 0 0 0 0 0 0 0 0 0 0 0 0 0 0 0 0 0 0 0 0 0 0 0 0 0 0 0 0 0 0 0 0 0 0 0 0 0 0 0 0 0 0 0 0 0 0 0 0 0 0 0 0 0 0 0 0 0 0 0 0 0 0 0 0 0 8 0 0 0 0 0 0 2 2 0 2 0 2 0 0 0 0 34 0 0 0 0 0 0 0 0 0 0 0 0 0 0 0 0 0 0 0 1 0 1 0 0 0 0 0 0 3 0 0 0 0 0 0 0 0 0 0 0 0 2 0 0 0 0 0 0 0 0 0 0 0 0 0 0 0 0 0 0 0 0 0 0 0 0 0 0 0 0 0 0 0 0 0 0 0 0 0 0 0 0 4510 3 2 0 0 0 0 0 0 0 0 0 0 0
ctxt 89843
btime 3291
processes 1169
procs_running 8
procs_blocked 0
softirq 20840 0 9549 0 0 0 0 302 3318 0 7671

1340
cpu  1461 36 1631 1914 114 107 20 0 0 0
cpu0 284 2 455 430 67 78 5 0 0 0
cpu1 388 11 432 459 13 10 5 0 0 0
cpu2 273 11 433 574 12 9 5 0 0 0
cpu3 514 10 311 450 20 10 5 0 0 0
intr 48016 0 0 0 0 10589 0 0 0 11 11 0 0 0 0 0 0 0 0 0 0 0 0 0 991 8471 2 0 2 0 0 13 0 0 0 0 0 0 0 0 0 0 0 0 0 0 51 0 0 0 0 0 0 11 0 0 0 0 0 0 0 0 0 0 0 0 0 3 0 0 0 0 0 0 0 0 0 0 0 0 0 0 0 0 0 0 0 0 0 0 0 0 0 0 0 0 0 0 0 0 0 0 0 0 0 0 0 0 0 0 0 0 0 0 0 0 0 0 0 0 0 0 0 0 0 0 0 0 0 0 0 0 0 0 0 0 0 0 0 0 0 0 0 0 19 0 0 0 0 2 0 2 2 0 2 0 2 0 0 0 0 34 0 0 0 0 0 0 0 0 0 0 0 0 0 0 0 0 0 0 0 1 0 1 0 0 0 0 0 0 3 0 0 0 0 0 0 0 0 0 0 0 0 2 0 0 0 0 0 0 0 0 0 0 0 0 0 0 0 0 0 0 0 0 0 0 0 0 0 0 0 0 0 0 0 0 0 0 0 0 0 0 0 0 5024 3 2 0 0 0 0 0 0 0 0 0 0 0
ctxt 91436
btime 3291
processes 1177
procs_running 10
procs_blocked 0
softirq 21346 0 9828 0 0 0 0 302 3325 0 7891

1378
cpu  1548 39 1689 1914 114 111 21 0 0 0
cpu0 304 2 470 430 67 81 5 0 0 0
cpu1 403 13 452 459 13 10 5 0 0 0
cpu2 289 12 453 574 12 9 5 0 0 0
cpu3 550 10 312 450 20 10 5 0 0 0
intr 49259 0 0 0 0 11000 0 0 0 11 11 0 0 0 0 0 0 0 0 0 0 0 0 0 1011 8597 2 0 2 0 0 14 0 0 0 0 0 0 0 0 0 0 0 0 0 0 51 0 0 0 0 0 0 11 0 0 0 0 0 0 0 0 0 0 0 0 0 3 0 0 0 0 0 0 0 0 0 0 0 0 0 0 0 0 0 0 0 0 0 0 0 0 0 0 0 0 0 0 0 0 0 0 0 0 0 0 0 0 0 0 0 0 0 0 0 0 0 0 0 0 0 0 0 0 0 0 0 0 0 0 0 0 0 0 0 0 0 0 0 0 0 0 0 0 27 0 0 0 0 6 0 2 2 0 2 0 2 0 0 0 0 34 0 0 0 0 0 0 0 0 0 0 0 0 0 0 0 0 0 0 0 1 0 1 0 0 0 0 0 0 4 0 0 0 0 0 0 0 0 0 0 0 0 2 0 0 0 0 0 0 0 0 0 0 0 0 0 0 0 0 0 0 0 0 0 0 0 0 0 0 0 0 0 0 0 0 0 0 0 0 0 0 0 0 5303 3 2 0 0 0 0 0 0 0 0 0 0 0
ctxt 93846
btime 3291
processes 1195
procs_running 11
procs_blocked 1
softirq 22057 0 10202 0 0 0 0 302 3337 0 8216

1406
cpu  1602 42 1737 1914 114 113 22 0 0 0
cpu0 318 4 481 430 67 82 5 0 0 0
cpu1 409 15 470 459 13 10 5 0 0 0
cpu2 297 12 472 574 12 9 5 0 0 0
cpu3 576 10 312 450 20 10 5 0 0 0
intr 49832 0 0 0 0 11285 0 0 0 11 11 0 0 0 0 0 0 0 0 0 0 0 0 0 1012 8684 2 0 2 0 0 15 0 0 0 0 0 0 0 0 0 0 0 0 0 0 51 0 0 0 0 0 0 11 0 0 0 0 0 0 0 0 0 0 0 0 0 3 0 0 0 0 0 0 0 0 0 0 0 0 0 0 0 0 0 0 0 0 0 0 0 0 0 0 0 0 0 0 0 0 0 0 0 0 0 0 0 0 0 0 0 0 0 0 0 0 0 0 0 0 0 0 0 0 0 0 0 0 0 0 0 0 0 0 0 0 0 0 0 0 0 0 0 0 34 0 0 0 0 6 0 2 2 0 2 0 2 0 0 0 0 34 0 0 0 0 0 0 0 0 0 0 0 0 0 0 0 0 0 0 0 1 0 1 0 0 0 0 0 0 4 0 0 0 0 0 0 0 0 0 0 0 0 2 0 0 0 0 0 0 0 0 0 0 0 0 0 0 0 0 0 0 0 0 0 0 0 0 0 0 0 0 0 0 0 0 0 0 0 0 0 0 0 0 5329 3 3 0 0 0 0 0 0 0 0 0 0 0
ctxt 95922
btime 3291
processes 1218
procs_running 14
procs_blocked 0
softirq 22543 0 10474 0 0 0 0 308 3344 0 8417

1445
cpu  1672 43 1819 1914 114 116 22 0 0 0
cpu0 335 4 500 430 67 83 5 0 0 0
cpu1 423 16 495 459 13 11 5 0 0 0
cpu2 298 12 509 574 12 10 5 0 0 0
cpu3 613 10 314 450 20 11 5 0 0 0
intr 50550 0 0 0 0 11691 0 0 0 11 11 0 0 0 0 0 0 0 0 0 0 0 0 0 1034 8792 2 0 2 0 0 15 0 0 0 0 0 0 0 0 0 0 0 0 0 0 53 0 0 0 0 0 0 11 0 0 0 0 0 0 0 0 0 0 0 0 0 3 0 0 0 0 0 0 0 0 0 0 0 0 0 0 0 0 0 0 0 0 0 0 0 0 0 0 0 0 0 0 0 0 0 0 0 0 0 0 0 0 0 0 0 0 0 0 0 0 0 0 0 0 0 0 0 0 0 0 0 0 0 0 0 0 0 0 0 0 0 0 0 0 0 0 0 0 45 0 0 0 0 6 0 2 2 0 2 0 2 0 0 0 0 34 0 0 0 0 0 0 0 0 0 0 0 0 0 0 0 0 0 0 0 1 0 1 0 0 0 0 0 0 4 0 0 0 0 0 0 0 0 0 0 0 0 2 0 0 0 0 0 0 0 0 0 0 0 0 0 0 0 0 0 0 0 0 0 0 0 0 0 0 0 0 0 0 0 0 0 0 0 0 0 0 0 0 5336 3 3 0 0 0 0 0 0 0 0 0 0 0
ctxt 97648
btime 3291
processes 1260
procs_running 13
procs_blocked 0
softirq 23254 0 10866 0 0 0 0 318 3355 0 8715

1494
cpu  1775 44 1905 1915 114 120 23 0 0 0
cpu0 360 4 522 430 67 85 6 0 0 0
cpu1 435 16 530 459 13 11 6 0 0 0
cpu2 319 13 536 574 12 10 5 0 0 0
cpu3 659 10 316 450 20 11 5 0 0 0
intr 51619 0 0 0 0 12204 0 0 0 11 11 0 0 0 0 0 0 0 0 0 0 0 0 0 1055 8890 2 0 2 0 0 16 0 0 0 0 0 0 0 0 0 0 0 0 0 0 53 0 0 0 0 0 0 11 0 0 0 0 0 0 0 0 0 0 0 0 0 3 0 0 0 0 0 0 0 0 0 0 0 0 0 0 0 0 0 0 0 0 0 0 0 0 0 0 0 0 0 0 0 0 0 0 0 0 0 0 0 0 0 0 0 0 0 0 0 0 0 0 0 0 0 0 0 0 0 0 0 0 0 0 0 0 0 0 0 0 0 0 0 0 0 0 0 0 64 0 0 0 0 6 0 2 2 0 2 0 2 0 0 0 0 34 0 0 0 0 0 0 0 0 0 0 0 0 0 0 0 0 0 0 0 1 0 1 0 0 0 0 0 0 5 0 0 0 0 0 0 0 0 0 0 0 0 2 0 0 0 0 0 0 0 0 0 0 0 0 0 0 0 0 0 0 0 0 0 0 0 0 0 0 0 0 0 0 0 0 0 0 0 0 0 0 0 0 5398 3 3 0 0 0 0 0 0 0 0 0 0 0
ctxt 100284
btime 3291
processes 1306
procs_running 17
procs_blocked 2
softirq 24154 0 11354 0 0 0 0 326 3370 0 9104

1556
cpu  1903 46 2017 1915 114 126 24 0 0 0
cpu0 381 4 559 430 67 89 6 0 0 0
cpu1 455 18 569 459 13 12 7 0 0 0
cpu2 350 13 566 574 12 11 5 0 0 0
cpu3 715 10 321 450 20 12 6 0 0 0
intr 53085 0 0 0 0 12917 0 0 0 11 11 0 0 0 0 0 0 0 0 0 0 0 0 0 1093 9207 2 0 2 0 0 16 0 0 0 0 0 0 0 0 0 0 0 0 0 0 53 0 0 0 0 0 0 11 0 0 0 0 0 0 0 0 0 0 0 0 0 3 0 0 0 0 0 0 0 0 0 0 0 0 0 0 0 0 0 0 0 0 0 0 0 0 0 0 0 0 0 0 0 0 0 0 0 0 0 0 0 0 0 0 0 0 0 0 0 0 0 0 0 0 0 0 0 0 0 0 0 0 0 0 0 0 0 0 0 0 0 0 0 0 0 0 0 0 77 0 0 0 0 6 0 2 2 0 2 0 2 0 0 0 0 34 0 0 0 0 0 0 0 0 0 0 0 0 0 0 0 0 0 0 0 1 0 1 0 0 0 0 0 0 5 0 0 0 0 0 0 0 0 0 0 0 0 2 0 0 0 0 0 0 0 0 0 0 0 0 0 0 0 0 0 0 0 0 0 0 0 0 0 0 0 0 0 0 0 0 0 0 0 0 0 0 0 0 5476 3 3 0 0 0 0 0 0 0 0 0 0 0
ctxt 104050
btime 3291
processes 1374
procs_running 37
procs_blocked 1
softirq 25229 0 11975 0 0 0 0 337 3385 0 9532

1619
cpu  2050 54 2105 1915 114 132 26 0 0 0
cpu0 417 5 582 430 67 93 6 0 0 0
cpu1 471 25 606 459 13 13 7 0 0 0
cpu2 385 13 592 574 12 12 5 0 0 0
cpu3 775 10 323 450 20 13 6 0 0 0
intr 54593 0 0 0 0 13592 0 0 0 11 11 0 0 0 0 0 0 0 0 0 0 0 0 0 1093 9533 2 0 2 0 0 16 0 0 0 0 0 0 0 0 0 0 0 0 0 0 53 0 0 0 0 0 0 11 0 0 0 0 0 0 0 0 0 0 0 0 0 3 0 0 0 0 0 0 0 0 0 0 0 0 0 0 0 0 0 0 0 0 0 0 0 0 0 0 0 0 0 0 0 0 0 0 0 0 0 0 0 0 0 0 0 0 0 0 0 0 0 0 0 0 0 0 0 0 0 0 0 0 0 0 0 0 0 0 0 0 0 0 0 0 0 0 0 0 97 0 0 0 0 6 0 2 2 0 2 0 2 0 0 0 0 34 0 0 0 0 0 0 0 0 0 0 0 0 0 0 0 0 0 0 0 1 0 1 0 0 0 0 0 0 5 0 0 0 0 0 0 0 0 0 0 0 0 2 0 0 0 0 0 0 0 0 0 0 0 0 0 0 0 0 0 0 0 0 0 0 0 0 0 0 0 0 0 0 0 0 0 0 0 0 0 0 0 0 5581 3 3 0 0 0 0 0 0 0 0 0 0 0
ctxt 107949
btime 3291
processes 1448
procs_running 33
procs_blocked 2
softirq 26274 0 12603 0 0 0 0 341 3407 0 9923

1693
cpu  2235 60 2201 1915 114 139 27 0 0 0
cpu0 469 5 600 430 67 97 6 0 0 0
cpu1 497 31 645 460 13 14 8 0 0 0
cpu2 428 14 623 574 12 13 6 0 0 0
cpu3 840 10 332 450 20 14 6 0 0 0
intr 56336 0 0 0 0 14390 0 0 0 11 11 0 0 0 0 0 0 0 0 0 0 0 0 0 1101 9876 2 0 2 0 0 16 0 0 0 0 0 0 0 0 0 0 0 0 0 0 53 0 0 0 0 0 0 11 0 0 0 0 0 0 0 0 0 0 0 0 0 3 0 0 0 0 0 0 0 0 0 0 0 0 0 0 0 0 0 0 0 0 0 0 0 0 0 0 0 0 0 0 0 0 0 0 0 0 0 0 0 0 0 0 0 0 0 0 0 0 0 0 0 0 0 0 0 0 0 0 0 0 0 0 0 0 0 0 0 0 0 0 0 0 0 0 0 0 127 0 0 0 0 6 0 2 2 0 2 0 2 0 0 0 0 34 0 0 0 0 0 0 0 0 0 0 0 0 0 0 0 0 0 0 0 1 0 1 0 0 0 0 0 0 5 0 0 0 0 0 0 0 0 0 0 0 0 2 0 0 0 0 0 0 0 0 0 0 0 0 0 0 0 0 0 0 0 0 0 0 0 0 0 0 0 0 0 0 0 0 0 0 0 0 0 0 0 0 5623 3 3 0 0 0 0 0 0 0 0 0 0 0
ctxt 111864
btime 3291
processes 1496
procs_running 23
procs_blocked 2
softirq 27473 0 13346 0 0 0 0 345 3436 0 10346

1736
cpu  2325 61 2277 1915 114 144 28 0 0 0
cpu0 483 5 625 430 67 101 6 0 0 0
cpu1 521 31 664 460 13 15 8 0 0 0
cpu2 456 14 637 574 12 13 6 0 0 0
cpu3 864 10 350 450 20 14 6 0 0 0
intr 57662 0 0 0 0 14849 0 0 0 11 11 0 0 0 0 0 0 0 0 0 0 0 0 0 1109 10188 2 0 2 0 0 17 0 0 0 0 0 0 0 0 0 0 0 0 0 0 53 0 0 0 0 0 0 11 0 0 0 0 0 0 0 0 0 0 0 0 0 4 0 0 0 0 0 0 0 0 0 0 0 0 0 0 0 0 0 0 0 0 0 0 0 0 0 0 0 0 0 0 0 0 0 0 0 0 0 0 0 0 0 0 0 0 0 0 0 0 0 0 0 0 0 0 0 0 0 0 0 0 0 0 0 0 0 0 0 0 0 0 0 0 0 0 0 0 143 0 0 0 0 6 0 2 2 0 2 0 2 0 0 0 0 40 0 0 0 0 0 0 0 0 0 0 0 0 0 0 0 0 0 0 0 1 0 1 0 0 0 0 0 0 5 0 0 0 0 0 0 0 0 0 0 0 0 2 0 0 0 0 0 0 0 0 0 0 0 0 0 0 0 0 0 0 0 0 0 0 0 0 0 0 1 0 0 0 0 0 0 0 0 0 0 0 0 0 5635 3 3 0 0 0 0 0 0 0 0 0 0 0
ctxt 114845
btime 3291
processes 1525
procs_running 19
procs_blocked 0
softirq 28184 0 13774 0 0 0 0 351 3446 0 10613

1771
cpu  2393 62 2342 1915 115 148 29 0 0 0
cpu0 504 5 637 430 67 103 6 0 0 0
cpu1 533 31 685 460 13 15 8 0 0 0
cpu2 483 14 644 574 12 14 6 0 0 0
cpu3 871 10 375 450 21 15 7 0 0 0
intr 58564 0 0 0 0 15222 0 0 0 11 11 0 0 0 0 0 0 0 0 0 0 0 0 0 1118 10410 2 0 2 0 0 17 0 0 0 0 0 0 0 0 0 0 0 0 0 0 53 0 0 0 0 0 0 11 0 0 0 0 0 0 0 0 0 0 0 0 0 4 0 0 0 0 0 0 0 0 0 0 0 0 0 0 0 0 0 0 0 0 0 0 0 0 0 0 0 0 0 0 0 0 0 0 0 0 0 0 0 0 0 0 0 0 0 0 0 0 0 0 0 0 0 0 0 0 0 0 0 0 0 0 0 0 0 0 0 0 0 0 0 0 0 0 0 0 147 0 0 0 0 6 0 2 2 0 2 0 2 0 0 0 0 44 0 0 0 0 0 0 0 0 0 0 0 0 0 0 0 0 0 0 0 1 0 1 0 0 0 0 0 0 5 0 0 27 0 0 0 0 0 0 0 0 0 2 0 0 0 0 0 0 0 0 0 0 0 0 0 0 0 0 0 0 0 0 0 0 0 0 0 0 1 0 0 0 0 0 0 0 0 0 0 0 0 0 5636 3 3 0 0 0 0 0 0 0 0 0 0 0
ctxt 117157
btime 3291
processes 1556
procs_running 17
procs_blocked 1
softirq 28827 0 14121 0 0 0 0 375 3470 0 10861

1808
cpu  2457 62 2421 1916 115 151 29 0 0 0
cpu0 530 5 645 430 67 105 6 0 0 0
cpu1 537 31 717 460 13 15 8 0 0 0
cpu2 510 14 653 574 12 14 6 0 0 0
cpu3 878 10 405 450 21 15 7 0 0 0
intr 59769 0 0 0 0 15612 0 0 0 11 11 0 0 0 0 0 0 0 0 0 0 0 0 0 1125 10552 2 0 2 0 5 17 0 0 0 0 0 0 0 0 0 0 0 0 0 0 58 0 0 0 0 0 0 11 0 0 0 0 0 0 0 0 0 0 0 0 0 4 0 0 0 0 0 0 0 0 0 0 0 0 0 0 0 0 0 0 0 0 0 0 0 0 0 0 0 0 0 0 0 0 0 0 0 0 0 0 0 0 0 0 0 0 0 0 0 0 0 0 0 0 0 0 0 0 0 0 0 0 0 0 0 0 0 0 0 0 0 0 0 0 0 0 0 0 147 0 0 0 0 6 0 2 2 0 2 0 2 0 0 0 0 44 0 0 0 0 0 0 0 0 0 0 0 0 0 0 0 0 0 0 0 1 0 1 0 1 0 1 0 0 5 0 0 126 0 0 0 0 0 0 0 0 0 2 0 0 0 0 0 0 0 0 0 0 0 0 0 0 0 0 0 10 0 0 0 0 0 0 0 0 1 0 0 0 0 0 0 0 0 0 0 0 0 0 5641 3 3 0 0 0 0 0 0 0 0 0 0 0 76
ctxt 119530
btime 3291
processes 1570
procs_running 13
procs_blocked 0
softirq 29506 0 14489 0 0 0 0 387 3488 0 11142

1860
cpu  2552 62 2530 1916 115 157 30 0 0 0
cpu0 560 5 663 430 67 109 7 0 0 0
cpu1 540 31 767 460 13 16 9 0 0 0
cpu2 559 14 656 574 12 15 6 0 0 0
cpu3 893 10 442 450 21 16 7 0 0 0
intr 62274 0 0 0 0 16172 0 0 0 11 11 0 0 0 0 0 0 0 0 0 0 0 0 0 1125 10852 2 0 2 0 6 17 0 0 0 0 0 0 0 0 0 0 0 0 0 1 58 0 0 0 0 0 0 11 0 0 0 0 0 0 0 0 0 0 0 0 0 4 0 0 0 0 0 0 0 0 0 0 0 0 0 0 0 0 0 0 0 0 0 0 0 0 0 0 0 0 0 0 0 0 0 0 0 0 0 0 0 0 0 0 0 0 0 0 0 0 0 0 0 0 0 0 0 0 0 0 0 0 0 0 0 0 0 0 0 0 0 0 0 0 0 0 0 0 147 0 0 0 0 6 0 2 2 0 2 0 2 0 0 0 0 44 0 0 0 0 0 0 0 0 0 0 0 0 0 0 0 0 0 0 0 1 0 1 0 1 0 1 0 0 5 0 0 151 0 0 0 0 0 0 0 0 0 2 0 0 0 0 0 0 0 0 0 0 0 0 0 0 0 0 0 12 0 0 0 0 0 0 0 0 1 0 0 0 0 0 0 0 0 0 0 0 0 0 5643 3 3 0 0 0 0 0 0 0 0 0 0 0 309
ctxt 128836
btime 3291
processes 1608
procs_running 12
procs_blocked 5
softirq 30420 0 15011 0 0 0 0 415 3504 0 11490

1894
cpu  2605 62 2604 1916 115 162 31 0 0 0
cpu0 569 5 682 430 67 114 7 0 0 0
cpu1 541 31 798 460 13 16 9 0 0 0
cpu2 590 14 658 574 12 15 6 0 0 0
cpu3 904 10 464 450 21 16 7 0 0 0
intr 64531 0 0 0 0 16519 0 0 0 11 11 0 0 0 0 0 0 0 0 0 0 0 0 0 1125 11115 2 0 2 0 7 17 0 0 0 0 0 0 0 0 0 0 0 0 0 1 58 0 0 0 0 0 0 11 0 0 0 0 0 0 0 0 0 0 0 0 0 4 0 0 0 0 0 0 0 0 0 0 0 0 0 0 0 0 0 0 0 0 0 0 0 0 0 0 0 0 0 0 0 0 0 0 0 0 0 0 0 0 0 0 0 0 0 0 0 0 0 0 0 0 0 0 0 0 0 0 0 0 0 0 0 0 0 0 0 0 0 0 0 0 0 0 0 0 147 0 0 0 0 6 0 2 2 0 2 0 2 0 0 0 0 44 0 0 0 0 0 0 0 0 0 0 0 0 0 0 0 0 0 0 0 1 0 1 0 1 0 1 0 0 5 0 0 151 0 0 0 0 0 0 0 0 0 2 0 0 0 0 0 0 0 0 0 0 0 0 0 0 0 0 0 12 0 0 0 0 0 0 0 0 1 0 0 0 0 0 0 0 0 0 0 0 0 0 5643 3 3 0 0 0 0 0 0 0 0 0 0 0 1169
ctxt 132596
btime 3291
processes 1613
procs_running 12
procs_blocked 0
softirq 31013 0 15339 0 0 0 0 439 3529 0 11706

1923
cpu  2661 62 2661 1917 115 165 31 0 0 0
cpu0 575 5 703 430 68 116 7 0 0 0
cpu1 548 31 820 460 13 17 9 0 0 0
cpu2 613 14 663 574 12 15 6 0 0 0
cpu3 922 10 474 451 21 16 8 0 0 0
intr 65651 0 0 0 0 16836 0 0 0 11 11 0 0 0 0 0 0 0 0 0 0 0 0 0 1125 11299 2 0 2 0 7 17 0 0 0 0 0 0 0 0 0 0 0 0 0 1 58 0 0 0 0 0 0 11 0 0 0 0 0 0 0 0 0 0 0 0 0 4 0 0 0 0 0 0 0 0 0 0 0 0 0 0 0 0 0 0 0 0 0 0 0 0 0 0 0 0 0 0 0 0 0 0 0 0 0 0 0 0 0 0 0 0 0 0 0 0 0 0 0 0 0 0 0 0 0 0 0 0 0 0 0 0 0 0 0 0 0 0 0 0 0 0 0 0 147 0 0 0 0 6 0 2 2 0 2 0 2 0 0 0 0 46 0 0 0 0 0 0 0 0 0 0 0 0 0 0 0 0 0 0 0 1 0 1 0 1 0 1 0 0 5 0 0 151 0 0 0 0 0 0 0 0 0 2 0 0 0 0 0 0 0 0 0 0 0 0 0 0 0 0 0 12 0 0 0 0 0 0 0 0 1 0 0 0 0 0 0 0 0 0 0 0 0 0 5651 3 4 0 0 0 0 0 0 0 0 0 0 0 1170
ctxt 141237
btime 3291
processes 1628
procs_running 10
procs_blocked 1
softirq 31525 0 15630 0 0 0 0 443 3557 0 11895

1953
cpu  2736 62 2699 1917 116 168 32 0 0 0
cpu0 593 5 712 430 68 118 7 0 0 0
cpu1 567 31 830 460 13 17 9 0 0 0
cpu2 634 14 672 574 12 15 6 0 0 0
cpu3 941 11 483 451 21 17 8 0 0 0
intr 66529 0 0 0 0 17153 0 0 0 11 11 0 0 0 0 0 0 0 0 0 0 0 0 0 1127 11463 2 0 2 0 7 17 0 0 0 0 0 0 0 0 0 0 0 0 0 1 58 0 0 0 0 0 0 11 0 0 0 0 0 0 0 0 0 0 0 0 0 4 0 0 0 0 0 0 0 0 0 0 0 0 0 0 0 0 0 0 0 0 0 0 0 0 0 0 0 0 0 0 0 0 0 0 0 0 0 0 0 0 0 0 0 0 0 0 0 0 0 0 0 0 0 0 0 0 0 0 0 0 0 0 0 0 0 0 0 0 0 0 0 0 0 0 0 0 147 0 0 0 0 6 0 2 2 0 2 0 2 0 0 0 0 47 0 0 0 0 0 0 0 0 0 0 0 0 0 0 0 0 0 0 0 1 0 1 0 1 0 1 0 0 5 0 0 151 0 0 0 0 0 0 0 0 0 2 0 0 0 0 0 0 0 0 0 0 0 0 0 0 0 0 0 12 0 0 0 0 0 0 0 0 1 0 0 0 0 0 0 0 0 0 0 0 0 0 5651 3 4 0 0 0 0 0 0 0 0 0 0 0 1198 0 0
ctxt 143389
btime 3291
processes 1675
procs_running 12
procs_blocked 0
softirq 32088 0 15926 0 0 0 0 459 3571 0 12132

1982
cpu  2822 62 2727 1917 116 170 32 0 0 0
cpu0 611 5 723 430 68 119 7 0 0 0
cpu1 591 31 835 460 13 17 9 0 0 0
cpu2 658 14 676 574 12 16 7 0 0 0
cpu3 961 11 491 451 21 17 8 0 0 0
intr 67131 0 0 0 0 17523 0 0 0 11 11 0 0 0 0 0 0 0 0 0 0 0 0 0 1148 11498 2 0 2 0 7 17 0 0 0 0 0 0 0 0 0 0 0 0 0 1 58 0 0 0 0 0 0 11 0 0 0 0 0 0 0 0 0 0 0 0 0 4 0 0 0 0 0 0 0 0 0 0 0 0 0 0 0 0 0 0 0 0 0 0 0 0 0 0 0 0 0 0 0 0 0 0 0 0 0 0 0 0 0 0 0 0 0 0 0 0 0 0 0 0 0 0 0 0 0 0 0 0 0 0 0 0 0 0 0 0 0 0 0 0 0 0 0 0 147 0 0 0 0 6 0 2 2 0 2 0 2 0 0 0 0 47 0 0 0 0 0 0 0 0 0 0 0 0 0 0 0 0 0 0 0 1 0 1 0 1 0 1 0 0 5 0 0 151 0 0 0 0 0 0 0 0 0 2 0 0 0 0 0 0 0 0 0 0 0 0 0 0 0 0 0 12 0 0 0 0 0 0 0 0 1 0 0 0 0 0 0 0 0 0 0 0 0 0 5651 3 4 0 0 0 0 0 0 0 0 0 0 0 1198 0 0
ctxt 144904
btime 3291
processes 1701
procs_running 7
procs_blocked 1
softirq 32633 0 16218 0 0 0 0 467 3579 0 12369

2010
cpu  2894 62 2762 1918 116 173 33 0 0 0
cpu0 625 5 734 430 68 120 7 0 0 0
cpu1 613 31 841 460 13 17 9 0 0 0
cpu2 682 14 680 574 12 16 7 0 0 0
cpu3 972 11 506 452 21 18 8 0 0 0
intr 67998 0 0 0 0 17928 0 0 0 11 11 0 0 0 0 0 0 0 0 0 0 0 0 0 1180 11717 2 0 2 0 7 17 0 0 0 0 0 0 0 0 0 0 0 0 0 1 58 0 0 0 0 0 0 11 0 0 0 0 0 0 0 0 0 0 0 0 0 4 0 0 0 0 0 0 0 0 0 0 0 0 0 0 0 0 0 0 0 0 0 0 0 0 0 0 0 0 0 0 0 0 0 0 0 0 0 0 0 0 0 0 0 0 0 0 0 0 0 0 0 0 0 0 0 0 0 0 0 0 0 0 0 0 0 0 0 0 0 0 0 0 0 0 0 0 147 0 0 0 0 6 0 2 2 0 2 0 2 0 0 0 0 47 0 0 0 0 0 0 0 0 0 0 0 0 0 0 0 0 0 0 0 1 0 1 0 1 0 1 0 0 5 0 0 151 0 0 0 0 0 0 0 0 0 2 0 0 0 0 0 0 0 0 0 0 0 0 0 0 0 0 0 12 0 0 0 0 0 0 0 0 1 0 0 0 0 0 0 0 0 0 0 0 0 0 5651 3 4 0 0 0 0 0 0 0 0 0 0 0 1198 0 0
ctxt 147079
btime 3291
processes 1738
procs_running 7
procs_blocked 0
softirq 33206 0 16497 0 0 0 0 514 3597 0 12598

2038
cpu  2961 63 2802 1918 118 176 33 0 0 0
cpu0 634 5 750 430 69 122 8 0 0 0
cpu1 628 31 853 460 13 18 9 0 0 0
cpu2 710 14 680 574 12 16 7 0 0 0
cpu3 988 11 517 452 21 18 8 0 0 0
intr 68883 0 0 0 0 18353 0 0 0 11 11 0 0 0 0 0 0 0 0 0 0 0 0 0 1180 11863 2 0 2 0 7 17 0 0 0 0 0 0 0 0 0 0 0 0 0 1 58 0 0 0 0 0 0 11 0 0 0 0 0 0 0 0 0 0 0 0 0 4 0 0 0 0 0 0 0 0 0 0 0 0 0 0 0 0 0 0 0 0 0 0 0 0 0 0 0 0 0 0 0 0 0 0 0 0 0 0 0 0 0 0 0 0 0 0 0 0 0 0 0 0 0 0 0 0 0 0 0 0 0 0 0 0 0 0 0 0 0 0 0 0 0 0 0 0 147 0 0 0 0 6 0 2 2 0 2 0 2 0 0 0 0 47 0 0 0 0 0 0 0 0 0 0 0 0 0 0 0 0 0 0 0 1 0 1 0 1 0 1 0 0 5 0 0 151 0 0 0 0 0 0 0 0 0 2 0 0 0 0 0 0 0 0 0 0 0 0 0 0 0 0 0 12 0 0 0 0 0 0 0 0 1 0 0 0 0 0 0 0 0 0 0 0 0 0 5651 3 4 0 0 0 0 0 0 0 0 0 0 0 1223 0 0
ctxt 150862
btime 3291
processes 1781
procs_running 13
procs_blocked 0
softirq 33754 0 16776 0 0 0 0 532 3626 0 12820

2066
cpu  3034 63 2839 1918 118 178 34 0 0 0
cpu0 646 5 764 430 69 124 8 0 0 0
cpu1 639 31 870 460 13 19 9 0 0 0
cpu2 738 14 680 574 12 16 7 0 0 0
cpu3 1010 11 523 452 21 18 8 0 0 0
intr 70173 0 0 0 0 18778 0 0 0 11 11 0 0 0 0 0 0 0 0 0 0 0 0 0 1180 11968 2 0 2 0 7 17 0 0 0 0 0 0 0 0 0 0 0 0 0 1 58 0 0 0 0 0 0 11 0 0 0 0 0 0 0 0 0 0 0 0 0 4 0 0 0 0 0 0 0 0 0 0 0 0 0 0 0 0 0 0 0 0 0 0 0 0 0 0 0 0 0 0 0 0 0 0 0 0 0 0 0 0 0 0 0 0 0 0 0 0 0 0 0 0 0 0 0 0 0 0 0 0 0 0 0 0 0 0 0 0 0 0 0 0 0 0 0 0 147 0 0 0 0 6 0 2 2 0 2 0 2 0 0 0 0 47 0 0 0 0 0 0 0 0 0 0 0 0 0 0 0 0 0 0 0 1 0 1 0 1 0 1 0 0 5 0 0 151 0 0 0 0 0 0 0 0 0 2 0 0 0 0 0 0 0 0 0 0 0 0 0 0 0 0 0 14 0 0 0 0 0 0 0 0 1 0 0 0 0 0 0 0 0 0 0 0 0 0 5653 3 4 0 0 0 0 0 0 0 0 0 0 0 1349 0 0
ctxt 156114
btime 3291
processes 1809
procs_running 5
procs_blocked 2
softirq 34248 0 17059 0 0 0 0 534 3637 0 13018

2099
cpu  3125 63 2874 1918 118 182 34 0 0 0
cpu0 663 5 777 431 70 125 8 0 0 0
cpu1 651 31 888 460 13 19 10 0 0 0
cpu2 769 14 681 574 12 17 7 0 0 0
cpu3 1040 11 526 452 21 19 8 0 0 0
intr 71173 0 0 0 0 19273 0 0 0 11 11 0 0 0 0 0 0 0 0 0 0 0 0 0 1180 12119 2 0 2 0 7 17 0 0 0 0 0 0 0 0 0 0 0 0 0 1 58 0 0 0 0 0 0 11 0 0 0 0 0 0 0 0 0 0 0 0 0 4 0 0 0 0 0 0 0 0 0 0 0 0 0 0 0 0 0 0 0 0 0 0 0 0 0 0 0 0 0 0 0 0 0 0 0 0 0 0 0 0 0 0 0 0 0 0 0 0 0 0 0 0 0 0 0 0 0 0 0 0 0 0 0 0 0 0 0 0 0 0 0 0 0 0 0 0 147 0 0 0 0 6 0 2 2 0 2 0 2 0 0 0 0 47 0 0 0 0 0 0 0 0 0 0 0 0 0 0 0 0 0 0 0 1 0 1 0 1 0 1 0 0 5 0 0 151 0 0 0 0 0 0 0 0 0 2 0 0 0 0 0 0 0 0 0 0 0 0 0 0 0 0 0 14 0 0 0 0 0 0 0 0 1 0 0 0 0 0 0 0 0 0 0 0 0 0 5661 3 5 0 0 0 0 0 0 0 0 0 0 0 1412 0 0
ctxt 158492
btime 3291
processes 1830
procs_running 7
procs_blocked 1
softirq 34885 0 17386 0 0 0 0 548 3673 0 13278

2124
cpu  3172 63 2920 1921 119 184 35 0 0 0
cpu0 672 5 790 431 71 127 8 0 0 0
cpu1 656 31 907 462 14 20 10 0 0 0
cpu2 794 14 681 574 12 17 7 0 0 0
cpu3 1048 11 541 453 22 19 9 0 0 0
intr 72457 0 0 0 0 19654 0 0 0 11 11 0 0 0 0 0 0 0 0 0 0 0 0 0 1180 12244 2 0 2 0 7 17 0 0 0 0 0 0 0 0 0 0 0 0 0 1 58 0 0 0 0 0 0 11 0 0 0 0 0 0 0 0 0 0 0 0 0 4 0 0 0 0 0 0 0 0 0 0 0 0 0 0 0 0 0 0 0 0 0 0 0 0 0 0 0 0 0 0 0 0 0 0 0 0 0 0 0 0 0 0 0 0 0 0 0 0 0 0 0 0 0 0 0 0 0 0 0 0 0 0 0 0 0 0 0 0 0 0 0 0 0 0 0 0 147 0 0 0 0 6 0 2 2 0 2 0 2 0 0 0 0 47 0 0 0 0 0 0 0 0 0 0 0 0 0 0 0 0 0 0 0 1 0 1 0 1 0 1 0 0 5 0 0 151 0 0 0 0 0 0 0 0 0 2 0 0 0 0 0 0 0 0 0 0 0 0 0 0 0 0 0 14 0 0 0 0 0 0 0 0 1 0 0 0 0 0 0 0 0 0 0 0 0 0 5661 3 5 0 0 0 0 0 0 0 0 0 0 0 1473 0 0
ctxt 164065
btime 3291
processes 1883
procs_running 8
procs_blocked 0
softirq 35408 0 17634 0 0 0 0 560 3732 0 13482

2153
cpu  3228 63 2968 1925 120 187 35 0 0 0
cpu0 681 5 806 432 71 129 8 0 0 0
cpu1 668 31 921 464 14 20 10 0 0 0
cpu2 821 14 683 574 12 17 7 0 0 0
cpu3 1057 11 557 454 22 20 9 0 0 0
intr 73683 0 0 0 0 20080 0 0 0 11 11 0 0 0 0 0 0 0 0 0 0 0 0 0 1180 12321 2 0 2 0 7 17 0 0 0 0 0 0 0 0 0 0 0 0 0 1 59 0 0 0 0 0 0 11 0 0 0 0 0 0 0 0 0 0 0 0 0 4 0 0 0 0 0 0 0 0 0 0 0 0 0 0 0 0 0 0 0 0 0 0 0 0 0 0 0 0 0 0 0 0 0 0 0 0 0 0 0 0 0 0 0 0 0 0 0 0 0 0 0 0 0 0 0 0 0 0 0 0 0 0 0 0 0 0 0 0 0 0 0 0 0 0 0 0 147 0 0 0 0 6 0 2 2 0 2 0 2 0 0 0 0 47 0 0 0 0 0 0 0 0 0 0 0 0 0 0 0 0 0 0 0 1 0 1 0 1 0 1 0 0 5 0 0 151 0 0 0 0 0 0 0 0 0 2 0 0 0 0 0 0 0 0 0 0 0 0 0 0 0 0 0 14 0 0 0 0 0 0 0 0 1 0 0 0 0 0 0 0 0 0 0 0 0 0 5661 3 5 0 0 0 0 0 0 0 0 0 0 0 1621 0 0
ctxt 167952
btime 3291
processes 1931
procs_running 16
procs_blocked 0
softirq 35986 0 17912 0 0 0 0 568 3802 0 13704

2184
cpu  3299 64 3008 1934 121 189 36 0 0 0
cpu0 692 6 820 435 72 130 8 0 0 0
cpu1 682 31 935 466 14 21 10 0 0 0
cpu2 852 14 683 574 12 18 7 0 0 0
cpu3 1072 11 569 458 22 20 9 0 0 0
intr 74565 0 0 0 0 20544 0 0 0 11 11 0 0 0 0 0 0 0 0 0 0 0 0 0 1201 12364 2 0 2 0 7 17 0 0 0 0 0 0 0 0 0 0 0 0 0 1 66 0 0 0 0 0 0 11 0 0 0 0 0 0 0 0 0 0 0 0 0 4 0 0 0 0 0 0 0 0 0 0 0 0 0 0 0 0 0 0 0 0 0 0 0 0 0 0 0 0 0 0 0 0 0 0 0 0 0 0 0 0 0 0 0 0 0 0 0 0 0 0 0 0 0 0 0 0 0 0 0 0 0 0 0 0 0 0 0 0 0 0 0 0 0 0 0 0 147 0 0 0 0 6 0 2 2 0 2 0 2 0 0 0 0 50 0 0 0 0 0 0 0 0 0 0 0 0 0 0 0 0 0 0 0 1 0 1 0 1 0 1 0 0 5 0 0 151 0 0 0 0 0 0 0 0 0 2 0 0 0 0 0 0 0 0 0 0 0 0 0 0 0 0 0 14 0 0 0 0 0 0 0 0 1 0 0 0 0 0 0 0 0 0 0 0 0 0 5661 3 5 0 0 0 0 0 0 0 0 0 0 0 1672 0 0
ctxt 170294
btime 3291
processes 1956
procs_running 4
procs_blocked 0
softirq 36613 0 18216 0 0 0 0 583 3863 0 13951

2209
cpu  3350 65 3036 1948 122 191 37 0 0 0
cpu0 699 6 830 439 72 130 9 0 0 0
cpu1 698 31 941 468 14 21 10 0 0 0
cpu2 873 14 683 575 13 18 7 0 0 0
cpu3 1078 11 580 465 22 20 9 0 0 0
intr 75367 0 0 0 0 20899 0 0 0 11 11 0 0 0 0 0 0 0 0 0 0 0 0 0 1237 12374 2 0 2 0 7 17 0 0 0 0 0 0 0 0 0 0 0 0 0 1 67 0 0 0 0 0 0 11 0 0 0 0 0 0 0 0 0 0 0 0 0 4 0 0 0 0 0 0 0 0 0 0 0 0 0 0 0 0 0 0 0 0 0 0 0 0 0 0 0 0 0 0 0 0 0 0 0 0 0 0 0 0 0 0 0 0 0 0 0 0 0 0 0 0 0 0 0 0 0 0 0 0 0 0 0 0 0 0 0 0 0 0 0 0 0 0 0 0 147 0 0 0 0 6 0 2 2 0 2 0 2 0 0 0 0 51 0 0 0 0 0 0 0 0 0 0 0 0 0 0 0 0 0 0 0 1 0 1 0 1 0 1 0 0 5 0 0 151 0 0 0 0 0 0 0 0 0 2 0 0 0 0 0 0 0 0 0 0 0 0 0 0 0 0 0 14 0 0 0 0 0 0 0 0 1 0 0 0 0 0 0 0 0 0 0 0 0 0 5661 3 5 0 0 0 0 0 0 0 0 0 0 0 1709 0 0
ctxt 172145
btime 3291
processes 1969
procs_running 5
procs_blocked 0
softirq 37107 0 18440 0 0 0 0 584 3934 0 14149

2233
cpu  3404 65 3069 1956 122 193 37 0 0 0
cpu0 711 6 841 441 72 131 9 0 0 0
cpu1 722 31 941 468 14 21 10 0 0 0
cpu2 879 14 697 579 13 18 7 0 0 0
cpu3 1092 11 589 467 22 21 9 0 0 0
intr 76085 0 0 0 0 21265 0 0 0 11 11 0 0 0 0 0 0 0 0 0 0 0 0 0 1237 12404 2 0 2 0 7 17 0 0 0 0 0 0 0 0 0 0 0 0 0 1 68 0 0 0 0 0 0 11 0 0 0 0 0 0 0 0 0 0 0 0 0 4 0 0 0 0 0 0 0 0 0 0 0 0 0 0 0 0 0 0 0 0 0 0 0 0 0 0 0 0 0 0 0 0 0 0 0 0 0 0 0 0 0 0 0 0 0 0 0 0 0 0 0 0 0 0 0 0 0 0 0 0 0 0 0 0 0 0 0 0 0 0 0 0 0 0 0 0 147 0 0 0 0 6 0 2 2 0 2 0 2 0 0 0 0 51 0 0 0 0 0 0 0 0 0 0 0 0 0 0 0 0 0 0 0 1 0 1 0 1 0 1 0 0 5 0 0 151 0 0 0 0 0 0 0 0 0 2 0 0 0 0 0 0 0 0 0 0 0 0 0 0 0 0 0 14 0 0 0 0 0 0 0 0 1 0 0 0 0 0 0 0 0 0 0 0 0 0 5661 3 5 0 0 0 0 0 0 0 0 0 0 0 1749 0 0
ctxt 174047
btime 3291
processes 1982
procs_running 4
procs_blocked 0
softirq 37590 0 18680 0 0 0 0 585 3976 0 14349

2258
cpu  3439 65 3115 1970 122 195 38 0 0 0
cpu0 720 6 852 444 72 132 9 0 0 0
cpu1 731 31 952 472 14 22 11 0 0 0
cpu2 889 14 707 583 13 19 7 0 0 0
cpu3 1097 11 603 470 22 21 9 0 0 0
intr 76975 0 0 0 0 21605 0 0 0 11 11 0 0 0 0 0 0 0 0 0 0 0 0 0 1246 12404 2 0 2 0 7 17 0 0 0 0 0 0 0 0 0 0 0 0 0 1 69 0 0 0 0 0 0 11 0 0 0 0 0 0 0 0 0 0 0 0 0 4 0 0 0 0 0 0 0 0 0 0 0 0 0 0 0 0 0 0 0 0 0 0 0 0 0 0 0 0 0 0 0 0 0 0 0 0 0 0 0 0 0 0 0 0 0 0 0 0 0 0 0 0 0 0 0 0 0 0 0 0 0 0 0 0 0 0 0 0 0 0 0 0 0 0 0 0 147 0 0 0 0 6 0 2 2 0 2 0 2 0 0 0 0 51 0 0 0 0 0 0 0 0 0 0 0 0 0 0 0 0 0 0 0 1 0 1 0 1 0 1 0 0 5 0 0 151 0 0 0 0 0 0 0 0 0 2 0 0 0 0 0 0 0 0 0 0 0 0 0 0 0 0 0 14 0 0 0 0 0 0 0 0 1 0 0 0 0 0 0 0 0 0 0 0 0 0 5661 3 5 0 0 0 0 0 0 0 0 0 0 0 1790 0 0
ctxt 176032
btime 3291
processes 2003
procs_running 4
procs_blocked 0
softirq 38063 0 18894 0 0 0 0 586 4049 0 14534

2284
cpu  3482 65 3159 1980 123 197 38 0 0 0
cpu0 731 6 862 447 72 133 9 0 0 0
cpu1 743 31 964 473 14 22 11 0 0 0
cpu2 901 14 717 585 13 19 8 0 0 0
cpu3 1106 11 615 473 22 22 10 0 0 0
intr 77757 0 0 0 0 21924 0 0 0 11 11 0 0 0 0 0 0 0 0 0 0 0 0 0 1263 12456 2 0 2 0 7 17 0 0 0 0 0 0 0 0 0 0 0 0 0 1 70 0 0 0 0 0 0 11 0 0 0 0 0 0 0 0 0 0 0 0 0 4 0 0 0 0 0 0 0 0 0 0 0 0 0 0 0 0 0 0 0 0 0 0 0 0 0 0 0 0 0 0 0 0 0 0 0 0 0 0 0 0 0 0 0 0 0 0 0 0 0 0 0 0 0 0 0 0 0 0 0 0 0 0 0 0 0 0 0 0 0 0 0 0 0 0 0 0 147 0 0 0 0 6 0 2 2 0 2 0 2 0 0 0 0 51 0 0 0 0 0 0 0 0 0 0 0 0 0 0 0 0 0 0 0 1 0 1 0 1 0 1 0 0 5 0 0 151 0 0 0 0 0 0 0 0 0 2 0 0 0 0 0 0 0 0 0 0 0 0 0 0 0 0 0 14 0 0 0 0 0 0 0 0 1 0 0 0 0 0 0 0 0 0 0 0 0 0 5661 3 5 0 0 0 0 0 0 0 0 0 0 0 1839 0 0
ctxt 177719
btime 3291
processes 2022
procs_running 4
procs_blocked 0
softirq 38620 0 19133 0 0 0 0 599 4141 0 14747

2309
cpu  3529 65 3195 1983 127 200 39 0 0 0
cpu0 742 6 871 447 73 135 9 0 0 0
cpu1 754 31 976 474 15 22 11 0 0 0
cpu2 916 14 723 586 14 19 8 0 0 0
cpu3 1116 11 624 475 23 22 10 0 0 0
intr 78774 0 0 0 0 22196 0 0 0 11 11 0 0 0 0 0 0 0 0 0 0 0 0 0 1295 12600 2 0 2 0 7 17 0 6 0 8 1 0 0 0 0 0 0 0 0 1 71 0 0 0 0 0 0 11 0 0 0 0 0 0 0 0 0 0 0 0 0 4 0 0 0 0 0 0 0 0 0 0 0 0 0 0 0 0 0 0 0 0 0 0 0 0 0 0 0 0 0 0 0 0 0 0 0 0 0 0 0 0 0 0 0 0 0 0 0 0 0 0 0 0 0 0 0 0 0 0 0 0 0 0 0 0 0 0 0 0 0 0 0 0 0 0 0 0 147 0 0 0 0 6 0 2 2 0 2 0 2 0 0 0 0 51 0 0 0 0 0 0 0 0 0 0 0 0 0 0 0 0 0 0 0 1 0 1 0 1 0 1 0 0 5 0 0 151 0 0 0 0 0 0 0 0 0 2 0 0 0 0 0 0 0 0 0 0 0 0 0 0 0 0 0 14 0 0 0 0 0 0 0 0 1 0 0 0 0 0 0 0 0 0 0 0 0 0 5661 3 5 0 0 0 0 0 0 0 0 0 0 0 1894 0 0
ctxt 180533
btime 3291
processes 2035
procs_running 5
procs_blocked 0
softirq 39147 0 19362 0 0 0 0 625 4215 0 14945

2334
cpu  3569 65 3239 1996 129 203 40 0 0 0
cpu0 750 6 883 449 74 137 10 0 0 0
cpu1 764 31 988 477 15 23 11 0 0 0
cpu2 924 14 736 590 14 20 8 0 0 0
cpu3 1129 11 631 478 24 22 10 0 0 0
intr 79870 0 0 0 0 22453 0 0 0 11 11 0 0 0 0 0 0 0 0 0 0 0 0 0 1295 12783 2 0 2 0 7 17 0 6 1 38 29 0 0 0 0 0 0 0 0 1 76 0 0 0 0 0 0 11 0 0 0 0 0 0 0 0 0 0 0 0 0 4 0 0 0 0 0 0 0 0 0 0 0 0 0 0 0 0 0 0 0 0 0 0 0 0 0 0 0 0 0 0 0 0 0 0 0 0 0 0 0 0 0 0 0 0 0 0 0 0 0 0 0 0 0 0 0 0 0 0 0 0 0 0 0 0 0 0 0 0 0 0 0 0 0 0 0 0 147 0 0 0 0 6 0 2 2 0 2 0 2 0 0 0 0 51 0 0 0 0 0 0 0 0 0 0 0 0 0 0 0 0 0 0 0 1 0 1 0 1 0 1 0 0 5 0 0 151 0 0 0 0 0 0 0 0 0 2 0 0 0 0 0 0 0 0 0 0 0 0 0 0 0 0 0 14 0 0 0 0 0 0 0 0 1 0 0 0 0 0 0 0 0 0 0 0 0 0 5661 3 5 0 0 0 0 0 0 0 0 0 0 0 1952 0 0
ctxt 183576
btime 3291
processes 2047
procs_running 9
procs_blocked 2
softirq 39753 0 19591 0 1 0 0 686 4323 0 15152

2359
cpu  3602 65 3285 2004 136 208 41 0 0 0
cpu0 757 6 895 450 77 140 10 0 0 0
cpu1 773 31 997 479 17 23 11 0 0 0
cpu2 930 14 749 595 15 20 8 0 0 0
cpu3 1139 11 643 479 26 22 10 0 0 0
intr 81597 0 0 0 0 22710 0 0 0 11 11 0 0 0 0 0 0 0 0 0 0 0 0 0 1295 13287 2 0 2 0 7 17 0 6 1 38 29 0 0 0 0 0 0 0 0 1 76 0 0 0 0 0 0 11 0 0 0 0 0 0 0 0 0 0 0 0 0 4 0 0 0 0 0 0 0 0 0 0 0 0 0 0 0 0 0 0 0 0 0 0 0 0 0 0 0 0 0 0 0 0 0 0 0 0 0 0 0 0 0 0 0 0 0 0 0 0 0 0 0 0 0 0 0 0 0 0 0 0 0 0 0 0 0 0 0 0 0 0 0 0 0 0 0 0 147 0 0 0 0 6 0 2 2 0 2 0 2 0 0 0 0 51 0 0 0 0 0 0 0 0 0 0 0 0 0 0 0 0 0 0 0 1 0 1 0 1 0 1 0 0 5 0 0 151 0 0 0 0 0 0 0 0 0 2 0 0 0 0 0 0 0 0 0 0 0 0 0 0 0 0 0 14 0 0 0 0 0 0 0 0 1 0 0 0 0 0 0 0 0 0 0 0 0 0 5661 3 5 0 0 0 0 0 0 0 0 0 0 0 1989 0 0
ctxt 186993
btime 3291
processes 2056
procs_running 4
procs_blocked 1
softirq 40330 0 19820 0 1 0 0 686 4464 0 15359

2384
cpu  3624 65 3321 2034 139 211 42 0 0 0
cpu0 761 6 903 458 79 143 10 0 0 0
cpu1 778 31 1009 487 17 23 11 0 0 0
cpu2 934 14 759 605 15 20 9 0 0 0
cpu3 1150 11 650 484 26 23 10 0 0 0
intr 83487 0 0 0 0 22945 0 0 0 11 11 0 0 0 0 0 0 0 0 0 0 0 0 0 1295 13814 2 0 2 0 7 17 0 6 1 38 29 0 0 0 0 0 0 0 0 1 78 0 0 0 0 0 0 11 0 0 0 0 0 0 0 0 0 0 0 0 0 4 0 0 0 0 0 0 0 0 0 0 0 0 0 0 0 0 0 0 0 0 0 0 0 0 0 0 0 0 0 0 0 0 0 0 0 0 0 0 0 0 0 0 0 0 0 0 0 0 0 0 0 0 0 0 0 0 0 0 0 0 0 0 0 0 0 0 0 0 0 0 0 0 0 0 0 0 147 0 0 0 0 6 0 2 2 0 2 0 2 0 0 0 0 51 0 0 0 0 0 0 0 0 0 0 0 0 0 0 0 0 0 0 0 1 0 1 0 1 0 1 0 0 5 0 0 151 0 0 0 0 0 0 0 0 0 2 0 0 0 0 0 0 0 0 0 0 0 0 0 0 0 0 0 14 0 0 0 0 0 0 0 0 1 0 0 0 0 0 0 0 0 0 0 0 0 0 5661 3 5 0 0 0 0 0 0 0 0 0 0 0 2028 0 0
ctxt 190365
btime 3291
processes 2068
procs_running 3
procs_blocked 1
softirq 40859 0 20019 0 1 0 0 688 4603 0 15548

2408
cpu  3635 65 3364 2063 143 217 42 0 0 0
cpu0 765 6 911 460 81 149 10 0 0 0
cpu1 780 31 1021 495 18 24 12 0 0 0
cpu2 937 14 770 614 16 21 9 0 0 0
cpu3 1152 11 661 493 26 23 10 0 0 0
intr 87378 0 0 0 0 23169 0 0 0 11 11 0 0 0 0 0 0 0 0 0 0 0 0 0 1295 14981 2 0 2 0 7 17 0 6 1 38 29 0 0 0 0 0 0 0 0 1 78 0 0 0 0 0 0 11 0 0 0 0 0 0 0 0 0 0 0 0 0 4 0 0 0 0 0 0 0 0 0 0 0 0 0 0 0 0 0 0 0 0 0 0 0 0 0 0 0 0 0 0 0 0 0 0 0 0 0 0 0 0 0 0 0 0 0 0 0 0 0 0 0 0 0 0 0 0 0 0 0 0 0 0 0 0 0 0 0 0 0 0 0 0 0 0 0 0 147 0 0 0 0 6 0 2 2 0 2 0 2 0 0 0 0 51 0 0 0 0 0 0 0 0 0 0 0 0 0 0 0 0 0 0 0 1 0 1 0 1 0 1 0 0 5 0 0 151 0 0 0 0 0 0 0 0 0 2 0 0 0 0 0 0 0 0 0 0 0 0 0 0 0 0 0 14 0 0 0 0 0 0 0 0 1 0 0 0 0 0 0 0 0 0 0 0 0 0 5661 3 5 0 0 0 0 0 0 0 0 0 0 0 2068 0 0
ctxt 197668
btime 3291
processes 2078
procs_running 6
procs_blocked 0
softirq 41388 0 20202 0 1 0 0 688 4767 0 15730

2433
cpu  3649 65 3409 2088 146 225 43 0 0 0
cpu0 769 6 919 465 83 155 10 0 0 0
cpu1 783 31 1034 502 19 24 12 0 0 0
cpu2 940 14 783 620 16 21 9 0 0 0
cpu3 1155 11 672 500 27 23 11 0 0 0
intr 91785 0 0 0 0 23393 0 0 0 11 11 0 0 0 0 0 0 0 0 0 0 0 0 0 1295 16312 2 0 2 0 7 17 0 6 1 38 29 0 0 0 0 0 0 0 0 1 79 0 0 0 0 0 0 11 0 0 0 0 0 0 0 0 0 0 0 0 0 4 0 0 0 0 0 0 0 0 0 0 0 0 0 0 0 0 0 0 0 0 0 0 0 0 0 0 0 0 0 0 0 0 0 0 0 0 0 0 0 0 0 0 0 0 0 0 0 0 0 0 0 0 0 0 0 0 0 0 0 0 0 0 0 0 0 0 0 0 0 0 0 0 0 0 0 0 147 0 0 0 0 6 0 2 2 0 2 0 2 0 0 0 0 51 0 0 0 0 0 0 0 0 0 0 0 0 0 0 0 0 0 0 0 1 0 1 0 1 0 1 0 0 5 0 0 151 0 0 0 0 0 0 0 0 0 2 0 0 0 0 0 0 0 0 0 0 0 0 0 0 0 0 0 14 0 0 0 0 0 0 0 0 1 0 0 0 0 0 0 0 0 0 0 0 0 0 5661 3 5 0 0 0 0 0 0 0 0 0 0 0 2128 0 0
ctxt 206862
btime 3291
processes 2094
procs_running 7
procs_blocked 0
softirq 41907 0 20397 0 1 0 0 693 4910 0 15906

2458
cpu  3664 65 3451 2118 149 227 43 0 0 0
cpu0 777 6 929 467 86 158 10 0 0 0
cpu1 786 31 1044 510 20 24 12 0 0 0
cpu2 942 14 796 628 16 21 9 0 0 0
cpu3 1157 12 681 511 27 23 11 0 0 0
intr 94504 0 0 0 0 23609 0 0 0 11 11 0 0 0 0 0 0 0 0 0 0 0 0 0 1295 16486 2 0 2 0 7 17 0 6 1 38 29 0 0 0 0 0 0 0 0 1 79 0 0 0 0 0 0 11 0 0 0 0 0 0 0 0 0 0 0 0 0 4 0 0 0 0 0 0 0 0 0 0 0 0 0 0 0 0 0 0 0 0 0 0 0 0 0 0 0 0 0 0 0 0 0 0 0 0 0 0 0 0 0 0 0 0 0 0 0 0 0 0 0 0 0 0 0 0 0 0 0 0 0 0 0 0 0 0 0 0 0 0 0 0 0 0 0 0 147 0 0 0 0 6 0 2 2 0 2 0 2 0 0 0 0 51 0 0 0 0 0 0 0 0 0 0 0 0 0 0 0 0 0 0 0 1 0 1 0 1 0 1 0 0 5 0 0 151 0 0 0 0 0 0 0 0 0 2 0 0 0 0 0 0 0 0 0 0 0 0 0 0 0 0 0 14 0 0 0 0 0 0 0 0 1 0 0 0 0 0 0 0 0 0 0 0 0 0 5661 3 5 0 0 0 0 0 0 0 0 0 0 0 2281 0 0
ctxt 215296
btime 3291
processes 2119
procs_running 4
procs_blocked 0
softirq 42390 0 20582 0 1 0 0 693 5039 0 16075

2482
cpu  3683 66 3472 2170 150 229 44 0 0 0
cpu0 781 6 932 482 86 159 10 0 0 0
cpu1 792 31 1047 526 20 24 12 0 0 0
cpu2 944 15 803 644 16 21 9 0 0 0
cpu3 1164 12 690 517 27 24 11 0 0 0
intr 95445 0 0 0 0 23801 0 0 0 11 11 0 0 0 0 0 0 0 0 0 0 0 0 0 1295 16780 2 0 2 0 7 17 0 6 1 38 29 0 0 0 0 0 0 0 0 1 79 0 0 0 0 0 0 11 0 0 0 0 0 0 0 0 0 0 0 0 0 4 0 0 0 0 0 0 0 0 0 0 0 0 0 0 0 0 0 0 0 0 0 0 0 0 0 0 0 0 0 0 0 0 0 0 0 0 0 0 0 0 0 0 0 0 0 0 0 0 0 0 0 0 0 0 0 0 0 0 0 0 0 0 0 0 0 0 0 0 0 0 0 0 0 0 0 0 147 0 0 0 0 6 0 2 2 0 2 0 2 0 0 0 0 51 0 0 0 0 0 0 0 0 0 0 0 0 0 0 0 0 0 0 0 1 0 1 0 1 0 1 0 0 5 0 0 151 0 0 0 0 0 0 0 0 0 2 0 0 0 0 0 0 0 0 0 0 0 0 0 0 0 0 0 14 0 0 0 0 0 0 0 0 1 0 0 0 0 0 0 0 0 0 0 0 0 0 5661 3 5 0 0 0 0 0 0 0 0 0 0 0 2283 0 0
ctxt 216949
btime 3291
processes 2125
procs_running 4
procs_blocked 0
softirq 42857 0 20749 0 1 0 0 705 5179 0 16223

2506
cpu  3701 78 3500 2201 151 233 44 0 0 0
cpu0 786 6 941 487 87 162 10 0 0 0
cpu1 798 32 1052 535 20 24 12 0 0 0
cpu2 948 15 811 654 16 21 9 0 0 0
cpu3 1166 22 694 523 27 24 11 0 0 0
intr 96483 0 0 0 0 24017 0 0 0 11 11 0 0 0 0 0 0 0 0 0 0 0 0 0 1295 17249 2 0 2 0 7 17 0 6 1 38 29 0 0 0 0 0 0 0 0 1 79 0 0 0 0 0 0 11 0 0 0 0 0 0 0 0 0 0 0 0 0 4 0 0 0 0 0 0 0 0 0 0 0 0 0 0 0 0 0 0 0 0 0 0 0 0 0 0 0 0 0 0 0 0 0 0 0 0 0 0 0 0 0 0 0 0 0 0 0 0 0 0 0 0 0 0 0 0 0 0 0 0 0 0 0 0 0 0 0 0 0 0 0 0 0 0 0 0 147 0 0 0 0 6 0 2 2 0 2 0 2 0 0 0 0 51 0 0 0 0 0 0 0 0 0 0 0 0 0 0 0 0 0 0 0 1 0 1 0 1 0 1 0 0 5 0 0 151 0 0 0 0 0 0 0 0 0 2 0 0 0 0 0 0 0 0 0 0 0 0 0 0 0 0 0 14 0 0 0 0 0 0 0 0 1 0 0 0 0 0 0 0 0 0 0 0 0 0 5661 3 5 0 0 0 0 0 0 0 0 0 0 0 2283 0 0
ctxt 218824
btime 3291
processes 2128
procs_running 4
procs_blocked 1
softirq 43341 0 20937 0 1 0 0 715 5311 0 16377

2531
cpu  3734 84 3532 2222 152 236 45 0 0 0
cpu0 797 7 947 492 88 164 11 0 0 0
cpu1 811 32 1061 538 20 25 12 0 0 0
cpu2 954 16 821 661 16 22 9 0 0 0
cpu3 1171 27 702 530 27 24 11 0 0 0
intr 97231 0 0 0 0 24239 0 0 0 11 11 0 0 0 0 0 0 0 0 0 0 0 0 0 1295 17445 2 0 2 0 7 17 0 6 1 38 29 0 0 0 0 0 0 0 0 1 79 0 0 0 0 0 0 11 0 0 0 0 0 0 0 0 0 0 0 0 0 4 0 0 0 0 0 0 0 0 0 0 0 0 0 0 0 0 0 0 0 0 0 0 0 0 0 0 0 0 0 0 0 0 0 0 0 0 0 0 0 0 0 0 0 0 0 0 0 0 0 0 0 0 0 0 0 0 0 0 0 0 0 0 0 0 0 0 0 0 0 0 0 0 0 0 0 0 147 0 0 0 0 6 0 2 2 0 2 0 2 0 0 0 0 54 0 0 0 0 0 0 0 0 0 0 0 0 0 0 0 0 0 0 0 1 0 1 0 1 0 1 0 0 5 0 0 151 0 0 0 0 0 0 0 0 0 2 0 0 0 0 0 0 0 0 0 0 0 0 0 0 0 0 0 14 0 0 0 0 0 0 0 0 1 0 0 0 0 0 0 0 0 0 0 0 0 0 5661 3 5 0 0 0 0 0 0 0 0 0 0 0 2285 0 0
ctxt 220359
btime 3291
processes 2144
procs_running 3
procs_blocked 1
softirq 43882 0 21146 0 1 0 0 727 5454 0 16554

2555
cpu  3784 85 3548 2248 155 237 45 0 0 0
cpu0 808 7 951 499 89 164 11 0 0 0
cpu1 826 32 1064 543 21 25 12 0 0 0
cpu2 970 16 823 666 17 22 10 0 0 0
cpu3 1179 28 709 538 27 24 11 0 0 0
intr 97878 0 0 0 0 24462 0 0 0 11 11 0 0 0 0 0 0 0 0 0 0 0 0 0 1295 17505 2 0 2 0 7 17 0 6 1 38 29 0 0 0 0 0 0 0 0 1 79 0 0 0 0 0 0 11 0 0 0 0 0 0 0 0 0 0 0 0 0 4 0 0 0 0 0 0 0 0 0 0 0 0 0 0 0 0 0 0 0 0 0 0 0 0 0 0 0 0 0 0 0 0 0 0 0 0 0 0 0 0 0 0 0 0 0 0 0 0 0 0 0 0 0 0 0 0 0 0 0 0 0 0 0 0 0 0 0 0 0 0 0 0 0 0 0 0 147 0 0 0 0 6 0 2 2 0 2 0 2 0 0 0 0 54 0 0 0 0 0 0 0 0 0 0 0 0 0 0 0 0 0 0 0 1 0 1 0 1 0 1 0 0 5 0 0 151 0 0 0 0 0 0 0 0 0 2 0 0 0 0 0 0 0 0 0 0 0 0 0 0 0 0 0 14 0 0 0 0 0 0 0 0 1 0 0 0 0 0 0 0 0 0 0 0 0 0 5661 3 5 0 0 0 0 0 0 0 0 0 0 0 2285 0 0
ctxt 221781
btime 1745758567
processes 2160
procs_running 6
procs_blocked 1
softirq 44375 0 21350 0 1 0 0 727 5574 0 16723

2580
cpu  3833 85 3577 2264 156 239 46 0 0 0
cpu0 822 7 956 503 89 165 11 0 0 0
cpu1 839 32 1072 547 21 25 13 0 0 0
cpu2 982 16 831 669 17 22 10 0 0 0
cpu3 1189 28 716 544 28 25 11 0 0 0
intr 98532 0 0 0 0 24696 0 0 0 11 11 0 0 0 0 0 0 0 0 0 0 0 0 0 1316 17563 2 0 2 0 7 17 0 6 1 38 29 0 0 0 0 0 0 0 0 1 79 0 0 0 0 0 0 11 0 0 0 0 0 0 0 0 0 0 0 0 0 4 0 0 0 0 0 0 0 0 0 0 0 0 0 0 0 0 0 0 0 0 0 0 0 0 0 0 0 0 0 0 0 0 0 0 0 0 0 0 0 0 0 0 0 0 0 0 0 0 0 0 0 0 0 0 0 0 0 0 0 0 0 0 0 0 0 0 0 0 0 0 0 0 0 0 0 0 147 0 0 0 0 6 0 2 2 0 2 0 2 0 0 0 0 54 0 0 0 0 0 0 0 0 0 0 0 0 0 0 0 0 0 0 0 1 0 1 0 1 0 1 0 0 5 0 0 151 0 0 0 0 0 0 0 0 0 2 0 0 0 0 0 0 0 0 0 0 0 0 0 0 0 0 0 14 0 0 0 0 0 0 0 0 1 0 0 0 0 0 0 0 0 0 0 0 0 0 5662 3 5 0 0 0 0 0 0 0 0 0 0 0 2303 0 0
ctxt 223188
btime 1745758567
processes 2185
procs_running 3
procs_blocked 0
softirq 44883 0 21568 0 1 0 0 739 5679 0 16896

2606
cpu  3889 86 3586 2298 156 240 46 0 0 0
cpu0 843 7 957 505 89 166 11 0 0 0
cpu1 859 32 1074 550 21 26 13 0 0 0
cpu2 988 17 836 683 17 22 10 0 0 0
cpu3 1198 28 717 559 28 25 12 0 0 0
intr 98901 0 0 0 0 24901 0 0 0 11 11 0 0 0 0 0 0 0 0 0 0 0 0 0 1325 17582 2 0 2 0 7 17 0 6 1 38 29 0 0 0 0 0 0 0 0 1 79 0 0 0 0 0 0 11 0 0 0 0 0 0 0 0 0 0 0 0 0 4 0 0 0 0 0 0 0 0 0 0 0 0 0 0 0 0 0 0 0 0 0 0 0 0 0 0 0 0 0 0 0 0 0 0 0 0 0 0 0 0 0 0 0 0 0 0 0 0 0 0 0 0 0 0 0 0 0 0 0 0 0 0 0 0 0 0 0 0 0 0 0 0 0 0 0 0 147 0 0 0 0 6 0 2 2 0 2 0 2 0 0 0 0 54 0 0 0 0 0 0 0 0 0 0 0 0 0 0 0 0 0 0 0 1 0 1 0 1 0 1 0 0 5 0 0 151 0 0 0 0 0 0 0 0 0 2 0 0 0 0 0 0 0 0 0 0 0 0 0 0 0 0 0 14 0 0 0 0 0 0 0 0 1 0 0 0 0 0 0 0 0 0 0 0 0 0 5662 3 5 0 0 0 0 0 0 0 0 0 0 0 2303 0 0
ctxt 223684
btime 1745758567
processes 2186
procs_running 4
procs_blocked 0
softirq 45272 0 21755 0 1 0 0 739 5740 0 17037

2630
cpu  3925 94 3606 2322 161 242 47 0 0 0
cpu0 853 12 961 507 92 167 11 0 0 0
cpu1 872 33 1079 554 21 26 13 0 0 0
cpu2 998 17 841 691 18 23 10 0 0 0
cpu3 1200 31 723 569 29 25 12 0 0 0
intr 99647 0 0 0 0 25107 0 0 0 11 11 0 0 0 0 0 0 0 0 0 0 0 0 0 1366 17650 2 0 2 0 7 17 0 6 1 38 29 0 0 0 0 0 0 0 0 1 79 0 0 0 0 0 0 11 0 0 0 0 0 0 0 0 0 0 0 0 0 4 0 0 0 0 0 0 0 0 0 0 0 0 0 0 0 0 0 0 0 0 0 0 0 0 0 0 0 0 0 0 0 0 0 0 0 0 0 0 0 0 0 0 0 0 0 0 0 0 0 0 0 0 0 0 0 0 0 0 0 0 0 0 0 0 0 0 0 0 0 0 0 0 0 0 0 0 147 0 0 0 0 6 0 2 2 0 2 0 2 0 0 0 0 54 0 0 0 0 0 0 0 0 0 0 0 0 0 0 0 0 0 0 0 1 0 1 0 1 0 1 0 0 5 0 0 151 0 0 0 0 0 0 0 0 0 2 0 0 0 0 0 0 0 0 0 0 0 0 0 0 0 0 0 14 0 0 0 0 0 0 0 0 1 0 0 0 0 0 0 0 0 0 0 0 0 0 5664 3 5 0 0 0 0 0 0 0 0 0 0 0 2336 0 0
ctxt 225333
btime 1745758567
processes 2201
procs_running 6
procs_blocked 0
softirq 45691 0 21951 0 1 0 0 753 5805 0 17181

2655
cpu  3971 95 3630 2350 162 243 47 0 0 0
cpu0 866 12 966 512 92 167 11 0 0 0
cpu1 881 34 1085 564 21 26 13 0 0 0
cpu2 1005 17 851 698 18 23 10 0 0 0
cpu3 1217 31 726 573 30 25 12 0 0 0
intr 100167 0 0 0 0 25333 0 0 0 11 11 0 0 0 0 0 0 0 0 0 0 0 0 0 1387 17679 2 0 2 0 7 17 0 6 1 38 29 0 0 0 0 0 0 0 0 1 79 0 0 0 0 0 0 11 0 0 0 0 0 0 0 0 0 0 0 0 0 4 0 0 0 0 0 0 0 0 0 0 0 0 0 0 0 0 0 0 0 0 0 0 0 0 0 0 0 0 0 0 0 0 0 0 0 0 0 0 0 0 0 0 0 0 0 0 0 0 0 0 0 0 0 0 0 0 0 0 0 0 0 0 0 0 0 0 0 0 0 0 0 0 0 0 0 0 147 0 0 0 0 6 0 2 2 0 2 0 2 0 0 0 0 54 0 0 0 0 0 0 0 0 0 0 0 0 0 0 0 0 0 0 0 1 0 1 0 1 0 1 0 0 5 0 0 151 0 0 0 0 0 0 0 0 0 2 0 0 0 0 0 0 0 0 0 0 0 0 0 0 0 0 0 14 0 0 0 0 0 0 0 0 1 0 0 0 0 0 0 0 0 0 0 0 0 0 5664 3 5 0 0 0 0 0 0 0 0 0 0 0 2336 0 0
ctxt 226130
btime 1745758567
processes 2219
procs_running 3
procs_blocked 0
softirq 46156 0 22162 0 1 0 0 761 5900 0 17332

2680
cpu  4009 96 3653 2382 162 245 48 0 0 0
cpu0 870 12 972 525 92 168 12 0 0 0
cpu1 891 34 1091 572 21 26 13 0 0 0
cpu2 1013 18 858 706 18 23 10 0 0 0
cpu3 1233 31 730 576 30 26 12 0 0 0
intr 100723 0 0 0 0 25587 0 0 0 11 11 0 0 0 0 0 0 0 0 0 0 0 0 0 1387 17725 2 0 2 0 7 17 0 6 1 38 29 0 0 0 0 0 0 0 0 1 79 0 0 0 0 0 0 11 0 0 0 0 0 0 0 0 0 0 0 0 0 4 0 0 0 0 0 0 0 0 0 0 0 0 0 0 0 0 0 0 0 0 0 0 0 0 0 0 0 0 0 0 0 0 0 0 0 0 0 0 0 0 0 0 0 0 0 0 0 0 0 0 0 0 0 0 0 0 0 0 0 0 0 0 0 0 0 0 0 0 0 0 0 0 0 0 0 0 147 0 0 0 0 6 0 2 2 0 2 0 2 0 0 0 0 54 0 0 0 0 0 0 0 0 0 0 0 0 0 0 0 0 0 0 0 1 0 1 0 1 0 1 0 0 5 0 0 151 0 0 0 0 0 0 0 0 0 2 0 0 0 0 0 0 0 0 0 0 0 0 0 0 0 0 0 14 0 0 0 0 0 0 0 0 1 0 0 0 0 0 0 0 0 0 0 0 0 0 5664 3 5 0 0 0 0 0 0 0 0 0 0 0 2336 0 0
ctxt 227346
btime 1745758567
processes 2241
procs_running 7
procs_blocked 0
softirq 46636 0 22358 0 1 0 0 777 5999 0 17501

2710
cpu  4067 101 3691 2396 163 247 49 0 0 0
cpu0 890 12 978 526 93 169 12 0 0 0
cpu1 908 34 1098 577 21 27 13 0 0 0
cpu2 1021 22 871 710 18 24 10 0 0 0
cpu3 1248 31 741 581 30 26 12 0 0 0
intr 101713 0 0 0 0 26002 0 0 0 11 11 0 0 0 0 0 0 0 0 0 0 0 0 0 1387 17773 2 0 2 0 7 17 0 6 1 38 29 0 0 0 0 0 0 0 0 1 79 0 0 0 0 0 0 11 0 0 0 0 0 0 0 0 0 0 0 0 0 4 0 0 0 0 0 0 0 0 0 0 0 0 0 0 0 0 0 0 0 0 0 0 0 0 0 0 0 0 0 0 0 0 0 0 0 0 0 0 0 0 0 0 0 0 0 0 0 0 0 0 0 0 0 0 0 0 0 0 0 0 0 0 0 0 0 0 0 0 0 0 0 0 0 0 0 0 147 0 0 0 0 6 0 2 2 0 2 0 2 0 0 0 0 54 0 0 0 0 0 0 0 0 0 0 0 0 0 0 0 0 0 0 0 1 0 1 0 1 0 1 0 0 5 0 0 151 0 0 0 0 0 0 0 0 0 2 0 0 0 0 0 0 0 0 0 0 0 0 0 0 0 0 0 14 0 0 0 0 0 0 0 0 1 0 0 0 0 0 0 0 0 0 0 0 0 0 5664 3 5 0 0 0 0 0 0 0 0 0 0 0 2336 0 0
ctxt 230691
btime 1745758567
processes 2260
procs_running 5
procs_blocked 0
softirq 47216 0 22630 0 1 0 0 781 6104 0 17700

2735
cpu  4103 112 3722 2412 168 249 49 0 0 0
cpu0 897 13 988 527 98 170 12 0 0 0
cpu1 918 34 1109 582 21 27 13 0 0 0
cpu2 1029 25 878 716 18 24 10 0 0 0
cpu3 1257 38 747 584 30 27 12 0 0 0
intr 102780 0 0 0 0 26338 0 0 0 11 11 0 0 0 0 0 0 0 0 0 0 0 0 0 1419 17859 2 0 2 0 7 17 0 6 1 38 29 0 0 0 0 0 0 0 0 1 79 0 0 0 0 0 0 11 0 0 0 0 0 0 0 0 0 0 0 0 0 4 0 0 0 0 0 0 0 0 0 0 0 0 0 0 0 0 0 0 0 0 0 0 0 0 0 0 0 0 0 0 0 0 0 0 0 0 0 0 0 0 0 0 0 0 0 0 0 0 0 0 0 0 0 0 0 0 0 0 0 0 0 0 0 0 0 0 0 0 0 0 0 0 0 0 0 0 147 0 0 0 0 6 0 2 2 0 2 0 2 0 0 0 0 54 0 0 0 0 0 0 0 0 0 0 0 0 0 0 0 0 0 0 0 1 0 1 0 1 0 1 0 0 5 0 0 151 0 0 0 0 0 0 0 0 0 2 0 0 0 0 0 0 0 0 0 0 0 0 0 0 0 0 0 14 0 0 0 0 0 0 0 0 1 0 0 0 0 0 0 0 0 0 0 0 0 0 5664 3 5 0 0 0 0 0 0 0 0 0 0 0 2336 0 0
ctxt 234413
btime 1745758567
processes 2268
procs_running 3
procs_blocked 0
softirq 47703 0 22842 0 1 0 0 793 6227 0 17840

2760
cpu  4139 113 3741 2450 169 251 50 0 0 0
cpu0 908 14 993 533 98 171 12 0 0 0
cpu1 934 34 1111 588 21 28 13 0 0 0
cpu2 1034 25 884 729 19 25 11 0 0 0
cpu3 1261 38 752 597 30 27 12 0 0 0
intr 103635 0 0 0 0 26638 0 0 0 11 11 0 0 0 0 0 0 0 0 0 0 0 0 0 1440 17905 2 0 2 0 7 17 0 6 1 38 29 0 0 0 0 0 0 0 0 1 79 0 0 0 0 0 0 11 0 0 0 0 0 0 0 0 0 0 0 0 0 4 0 0 0 0 0 0 0 0 0 0 0 0 0 0 0 0 0 0 0 0 0 0 0 0 0 0 0 0 0 0 0 0 0 0 0 0 0 0 0 0 0 0 0 0 0 0 0 0 0 0 0 0 0 0 0 0 0 0 0 0 0 0 0 0 0 0 0 0 0 0 0 0 0 0 0 0 147 0 0 0 0 6 0 2 2 0 2 0 2 0 0 0 0 54 0 0 0 0 0 0 0 0 0 0 0 0 0 0 0 0 0 0 0 1 0 1 0 1 0 1 0 0 5 0 0 151 0 0 0 0 0 0 0 0 0 2 0 0 0 0 0 0 0 0 0 0 0 0 0 0 0 0 0 14 0 0 0 0 0 0 0 0 1 0 0 0 0 0 0 0 0 0 0 0 0 0 5666 3 5 0 0 0 0 0 0 0 0 0 0 0 2336 0 0
ctxt 236164
btime 1745758567
processes 2279
procs_running 5
procs_blocked 0
softirq 48144 0 23019 0 1 0 0 803 6340 0 17981

2784
cpu  4158 117 3754 2504 170 253 50 0 0 0
cpu0 914 15 996 546 98 171 12 0 0 0
cpu1 938 35 1112 605 21 28 14 0 0 0
cpu2 1042 27 887 740 19 25 11 0 0 0
cpu3 1264 39 758 612 30 27 12 0 0 0
intr 104644 0 0 0 0 26898 0 0 0 11 11 0 0 0 0 0 0 0 0 0 0 0 0 0 1440 17983 2 0 2 0 7 17 0 6 1 38 29 0 0 0 0 0 0 0 0 1 79 0 0 0 0 0 0 11 0 0 0 0 0 0 0 0 0 0 0 0 0 4 0 0 0 0 0 0 0 0 0 0 0 0 0 0 0 0 0 0 0 0 0 0 0 0 0 0 0 0 0 0 0 0 0 0 0 0 0 0 0 0 0 0 0 0 0 0 0 0 0 0 0 0 0 0 0 0 0 0 0 0 0 0 0 0 0 0 0 0 0 0 0 0 0 0 0 0 147 0 0 0 0 6 0 2 2 0 2 0 2 0 0 0 0 54 0 0 0 0 0 0 0 0 0 0 0 0 0 0 0 0 0 0 0 1 0 1 0 1 0 1 0 0 5 0 0 151 0 0 0 0 0 0 0 0 0 2 0 0 0 0 0 0 0 0 0 0 0 0 0 0 0 0 0 14 0 0 0 0 0 0 0 0 1 0 0 0 0 0 0 0 0 0 0 0 0 0 5666 3 5 0 0 0 0 0 0 0 0 0 0 0 2336 0 0
ctxt 238162
btime 1745758567
processes 2284
procs_running 4
procs_blocked 0
softirq 48510 0 23156 0 1 0 0 813 6450 0 18090

2809
cpu  4190 118 3790 2522 175 255 51 0 0 0
cpu0 919 15 1008 548 102 173 12 0 0 0
cpu1 944 36 1120 614 22 28 14 0 0 0
cpu2 1056 27 890 745 20 25 11 0 0 0
cpu3 1271 39 771 615 30 27 13 0 0 0
intr 105891 0 0 0 0 27213 0 0 0 11 11 0 0 0 0 0 0 0 0 0 0 0 0 0 1440 18104 2 0 2 0 7 17 0 6 1 38 29 0 0 0 0 0 0 0 0 1 79 0 0 0 0 0 0 11 0 0 0 0 0 0 0 0 0 0 0 0 0 4 0 0 0 0 0 0 0 0 0 0 0 0 0 0 0 0 0 0 0 0 0 0 0 0 0 0 0 0 0 0 0 0 0 0 0 0 0 0 0 0 0 0 0 0 0 0 0 0 0 0 0 0 0 0 0 0 0 0 0 0 0 0 0 0 0 0 0 0 0 0 0 0 0 0 0 0 147 0 0 0 0 6 0 2 2 0 2 0 2 0 0 0 0 54 0 0 0 0 0 0 0 0 0 0 0 0 0 0 0 0 0 0 0 1 0 1 0 1 0 1 0 0 5 0 0 151 0 0 0 0 0 0 0 0 0 2 0 0 0 0 0 0 0 0 0 0 0 0 0 0 0 0 0 14 0 0 0 0 0 0 0 0 1 0 0 0 0 0 0 0 0 0 0 0 0 0 5666 3 5 0 0 0 0 0 0 0 0 0 0 0 2336 0 0
ctxt 241146
btime 1745758567
processes 2343
procs_running 10
procs_blocked 3
softirq 49017 0 23345 0 1 0 0 821 6592 0 18258

2835
cpu  4237 125 3824 2526 177 259 52 0 0 0
cpu0 938 15 1012 548 102 175 12 0 0 0
cpu1 953 36 1134 614 22 29 14 0 0 0
cpu2 1069 27 897 747 20 26 11 0 0 0
cpu3 1277 46 779 616 31 28 13 0 0 0
intr 107020 0 0 0 0 27571 0 0 0 11 11 0 0 0 0 0 0 0 0 0 0 0 0 0 1489 18337 2 0 2 0 7 17 0 6 1 38 29 0 0 0 0 0 0 0 0 1 79 0 0 0 0 0 0 11 0 0 0 0 0 0 0 0 0 0 0 0 0 4 0 0 0 0 0 0 0 0 0 0 0 0 0 0 0 0 0 0 0 0 0 0 0 0 0 0 0 0 0 0 0 0 0 0 0 0 0 0 0 0 0 0 0 0 0 0 0 0 0 0 0 0 0 0 0 0 0 0 0 0 0 0 0 0 0 0 0 0 0 0 0 0 0 0 0 0 147 0 0 0 0 6 0 2 2 0 2 0 2 0 0 0 0 54 0 0 0 0 0 0 0 0 0 0 0 0 0 0 0 0 0 0 0 1 0 1 0 1 0 1 0 0 5 0 0 151 0 0 0 0 0 0 0 0 0 2 0 0 0 0 0 0 0 0 0 0 0 0 0 0 0 0 0 14 0 0 0 0 0 0 0 0 1 0 0 0 0 0 0 0 0 0 0 0 0 0 5671 3 5 0 0 0 0 0 0 0 0 0 0 0 2378 0 0
ctxt 243626
btime 1745758567
processes 2369
procs_running 8
procs_blocked 1
softirq 49516 0 23574 0 1 0 0 839 6647 0 18455

2860
cpu  4274 130 3881 2528 177 262 52 0 0 0
cpu0 948 15 1026 548 102 177 12 0 0 0
cpu1 960 37 1149 615 22 29 14 0 0 0
cpu2 1080 30 909 747 20 26 11 0 0 0
cpu3 1285 47 795 617 31 28 13 0 0 0
intr 108204 0 0 0 0 28038 0 0 0 11 11 0 0 0 0 0 0 0 0 0 0 0 0 0 1501 18446 2 0 2 0 7 17 0 6 1 38 29 0 0 0 0 0 0 0 0 1 79 0 0 0 0 0 0 11 0 0 0 0 0 0 0 0 0 0 0 0 0 4 0 0 0 0 0 0 0 0 0 0 0 0 0 0 0 0 0 0 0 0 0 0 0 0 0 0 0 0 0 0 0 0 0 0 0 0 0 0 0 0 0 0 0 0 0 0 0 0 0 0 0 0 0 0 0 0 0 0 0 0 0 0 0 0 0 0 0 0 0 0 0 0 0 0 0 0 147 8 0 0 0 6 0 2 2 0 2 0 2 0 0 0 0 54 0 0 0 0 0 0 0 0 0 0 0 0 0 0 0 0 0 0 0 1 0 1 0 1 0 1 0 0 5 0 0 151 0 0 0 0 0 0 0 0 0 2 0 0 0 0 0 0 0 0 0 0 0 0 0 0 0 0 0 14 0 0 0 0 0 0 0 0 1 0 0 0 0 0 0 0 0 0 0 0 0 0 5674 3 5 0 0 0 0 0 0 0 0 0 0 0 2425 0 0
ctxt 246982
btime 1745758567
processes 2425
procs_running 12
procs_blocked 1
softirq 50031 0 23826 0 1 0 0 841 6695 0 18668

2889
cpu  4307 133 3951 2531 178 266 53 0 0 0
cpu0 955 15 1043 549 103 178 13 0 0 0
cpu1 967 38 1169 616 22 30 14 0 0 0
cpu2 1087 31 927 748 20 27 11 0 0 0
cpu3 1295 47 810 617 31 29 13 0 0 0
intr 109203 0 0 0 0 28460 0 0 0 11 11 0 0 0 0 0 0 0 0 0 0 0 0 0 1501 18573 2 0 2 0 7 17 0 6 1 38 29 0 0 0 0 0 0 0 0 1 79 0 0 0 0 0 0 11 0 0 0 0 0 0 0 0 0 0 0 0 0 4 0 0 0 0 0 0 0 0 0 0 0 0 0 0 0 0 0 0 0 0 0 0 0 0 0 0 0 0 0 0 0 0 0 0 0 0 0 0 0 0 0 0 0 0 0 0 0 0 0 0 0 0 0 0 0 0 0 0 0 0 0 0 0 0 0 0 0 0 0 0 0 0 0 0 0 0 147 12 0 0 0 6 0 2 2 0 2 0 2 0 0 0 0 54 0 0 0 0 0 0 0 0 0 0 0 0 0 0 0 0 0 0 0 1 0 1 0 1 0 1 0 0 5 0 0 151 0 0 0 0 0 0 0 0 0 2 0 0 0 0 0 0 0 0 0 0 0 0 0 0 0 0 0 14 0 0 0 0 0 0 0 0 1 0 0 0 0 0 0 0 0 0 0 0 0 0 5674 3 5 0 0 0 0 0 0 0 0 0 0 0 2425 0 0
ctxt 249994
btime 1745758567
processes 2506
procs_running 16
procs_blocked 0
softirq 50597 0 24101 0 1 0 0 859 6745 0 18891

2916
cpu  4346 134 3995 2549 179 269 54 0 0 0
cpu0 968 15 1053 551 103 180 13 0 0 0
cpu1 982 38 1178 618 23 31 14 0 0 0
cpu2 1095 31 939 754 20 28 12 0 0 0
cpu3 1300 47 824 625 31 29 13 0 0 0
intr 110241 0 0 0 0 28852 0 0 0 11 11 0 0 0 0 0 0 0 0 0 0 0 0 0 1501 18675 2 0 2 0 7 17 0 6 1 38 29 0 0 0 0 0 0 0 0 1 79 0 0 0 0 0 0 11 0 0 0 0 0 0 0 0 0 0 0 0 0 4 0 0 0 0 0 0 0 0 0 0 0 0 0 0 0 0 0 0 0 0 0 0 0 0 0 0 0 0 0 0 0 0 0 0 0 0 0 0 0 0 0 0 0 0 0 0 0 0 0 0 0 0 0 0 0 0 0 0 0 0 0 0 0 0 0 0 0 0 0 0 0 0 0 0 0 0 147 22 0 0 0 6 0 2 2 0 2 0 2 0 0 0 0 54 0 0 0 0 0 0 0 0 0 0 0 0 0 0 0 0 0 0 0 1 0 1 0 1 0 1 0 0 5 0 0 151 0 0 0 0 0 0 0 0 0 2 0 0 0 0 0 0 0 0 0 0 0 0 0 0 0 0 0 14 0 0 0 0 0 0 0 0 1 0 0 0 0 0 0 0 0 0 0 0 0 0 5674 3 5 0 0 0 0 0 0 0 0 0 0 0 2425 0 0
ctxt 252749
btime 1745758567
processes 2561
procs_running 19
procs_blocked 0
softirq 51166 0 24343 1 1 0 0 863 6855 0 19103

2947
cpu  4394 135 4068 2549 179 273 54 0 0 0
cpu0 980 15 1070 551 103 182 13 0 0 0
cpu1 993 38 1198 618 23 31 15 0 0 0
cpu2 1107 32 956 754 20 28 12 0 0 0
cpu3 1313 48 842 625 31 30 13 0 0 0
intr 111347 0 0 0 0 29324 0 0 0 11 11 0 0 0 0 0 0 0 0 0 0 0 0 0 1501 18838 2 0 2 0 7 17 0 6 1 38 29 0 0 0 0 0 0 0 0 1 79 0 0 0 0 0 0 11 0 0 0 0 0 0 0 0 0 0 0 0 0 4 0 0 0 0 0 0 0 0 0 0 0 0 0 0 0 0 0 0 0 0 0 0 0 0 0 0 0 0 0 0 0 0 0 0 0 0 0 0 0 0 0 0 0 0 0 0 0 0 0 0 0 0 0 0 0 0 0 0 0 0 0 0 0 0 0 0 0 0 0 0 0 0 0 0 0 0 147 22 0 0 0 6 0 2 2 0 2 0 2 0 0 0 0 54 0 0 0 0 0 0 0 0 0 0 0 0 0 0 0 0 0 0 0 1 0 1 0 1 0 1 0 0 5 0 0 151 0 0 0 0 0 0 0 0 0 2 0 0 0 0 0 0 0 0 0 0 0 0 0 0 0 0 0 14 0 0 0 0 0 0 0 0 1 0 0 0 0 0 0 0 0 0 0 0 0 0 5675 3 5 0 0 0 0 0 0 0 0 0 0 0 2426 0 0
ctxt 255983
btime 1745758567
processes 2662
procs_running 19
procs_blocked 1
softirq 51712 0 24644 1 1 0 0 863 6889 0 19314

2977
cpu  4437 142 4130 2550 179 277 55 0 0 0
cpu0 991 16 1086 551 103 185 13 0 0 0
cpu1 1007 39 1213 618 23 32 15 0 0 0
cpu2 1114 38 973 754 20 29 12 0 0 0
cpu3 1324 49 857 625 32 31 14 0 0 0
intr 112515 0 0 0 0 29741 0 0 0 11 11 0 0 0 0 0 0 0 0 0 0 0 0 0 1501 19061 2 0 2 0 7 17 0 6 1 38 29 0 0 0 0 0 0 0 0 1 79 0 0 0 0 0 0 11 0 0 0 0 0 0 0 0 0 0 0 0 0 4 0 0 0 0 0 0 0 0 0 0 0 0 0 0 0 0 0 0 0 0 0 0 0 0 0 0 0 0 0 0 0 0 0 0 0 0 0 0 0 0 0 0 0 0 0 0 0 0 0 0 0 0 0 0 0 0 0 0 0 0 0 0 0 0 0 0 0 0 0 0 0 0 0 0 0 0 147 22 0 0 0 6 0 2 2 0 2 0 2 0 0 0 0 54 0 0 0 0 0 0 0 0 0 0 0 0 0 0 0 0 0 0 0 1 0 1 0 1 0 1 0 0 5 0 0 151 0 0 0 0 0 0 0 0 0 2 0 0 0 0 0 0 0 0 0 0 0 0 0 0 0 0 0 14 0 0 0 0 0 0 0 0 1 0 0 0 0 0 0 0 0 0 0 0 0 0 5675 3 5 0 0 0 0 0 0 0 0 0 0 0 2426 0 0
ctxt 259297
btime 1745758567
processes 2701
procs_running 14
procs_blocked 0
softirq 52212 0 24924 1 1 0 0 863 6918 0 19505

3011
cpu  4514 153 4172 2550 180 280 55 0 0 0
cpu0 1005 16 1102 551 103 187 13 0 0 0
cpu1 1027 43 1222 618 23 32 15 0 0 0
cpu2 1135 43 979 754 20 29 12 0 0 0
cpu3 1346 50 867 625 32 31 14 0 0 0
intr 113517 0 0 0 0 30118 0 0 0 11 11 0 0 0 0 0 0 0 0 0 0 0 0 0 1510 19197 2 0 2 0 7 17 0 6 1 38 29 0 0 0 0 0 0 0 0 1 79 0 0 0 0 0 0 11 0 0 0 0 0 0 0 0 0 0 0 0 0 4 0 0 0 0 0 0 0 0 0 0 0 0 0 0 0 0 0 0 0 0 0 0 0 0 0 0 0 0 0 0 0 0 0 0 0 0 0 0 0 0 0 0 0 0 0 0 0 0 0 0 0 0 0 0 0 0 0 0 0 0 0 0 0 0 0 0 0 0 0 0 0 0 0 0 0 0 156 22 6 0 0 6 0 2 2 0 2 0 2 0 0 0 0 54 0 0 0 0 0 0 0 0 0 0 0 0 0 0 0 0 0 0 0 1 0 1 0 1 0 1 0 0 5 0 0 151 0 0 0 0 0 0 0 0 0 2 0 0 0 0 0 0 0 0 0 0 0 0 0 0 0 0 0 14 0 0 0 0 0 0 0 0 1 0 0 0 0 0 0 0 0 0 0 0 0 0 5675 3 5 0 0 0 0 0 0 0 0 0 0 0 2426 0 0
ctxt 262462
btime 1745758567
processes 2728
procs_running 9
procs_blocked 2
softirq 52794 0 25238 1 1 0 0 873 6941 0 19740

3039
cpu  4583 159 4204 2552 180 282 56 0 0 0
cpu0 1021 19 1111 551 103 187 14 0 0 0
cpu1 1040 45 1233 619 23 33 15 0 0 0
cpu2 1160 43 981 754 20 29 12 0 0 0
cpu3 1361 51 878 626 32 31 14 0 0 0
intr 114312 0 0 0 0 30420 0 0 0 11 11 0 0 0 0 0 0 0 0 0 0 0 0 0 1510 19248 2 0 2 0 7 17 0 6 1 38 29 0 0 0 0 0 0 0 0 1 79 0 0 0 0 0 0 11 0 0 0 0 0 0 0 0 0 0 0 0 0 4 0 0 0 0 0 0 0 0 0 0 0 0 0 0 0 0 0 0 0 0 0 0 0 0 0 0 0 0 0 0 0 0 0 0 0 0 0 0 0 0 0 0 0 0 0 0 0 0 0 0 0 0 0 0 0 0 0 0 0 0 0 0 0 0 0 0 0 0 0 0 0 0 0 0 0 0 156 22 14 0 0 6 0 2 2 0 2 0 2 0 0 0 0 54 0 0 0 0 0 0 0 0 0 0 0 0 0 0 0 0 0 0 0 1 0 1 0 1 0 1 0 0 5 0 0 151 0 0 0 0 0 0 0 0 0 2 0 0 0 0 0 0 0 0 0 0 0 0 0 0 0 0 0 14 0 0 0 0 0 0 0 0 1 0 0 0 0 0 0 0 0 0 0 0 0 0 5675 3 5 0 0 0 0 0 0 0 0 0 0 0 2426 0 0
ctxt 265568
btime 1745758567
processes 2753
procs_running 14
procs_blocked 0
softirq 53287 0 25505 1 1 0 0 881 6970 0 19929

3081
cpu  4660 168 4273 2556 181 286 57 0 0 0
cpu0 1035 20 1133 551 104 190 14 0 0 0
cpu1 1059 46 1251 620 23 33 15 0 0 0
cpu2 1183 48 992 755 21 30 12 0 0 0
cpu3 1382 52 895 628 32 32 14 0 0 0
intr 116385 0 0 0 0 30868 0 0 0 11 11 0 0 0 0 0 0 0 0 0 0 0 0 0 1594 19382 2 0 2 0 7 17 0 6 1 38 29 0 0 0 0 0 0 0 0 1 79 0 0 0 0 0 0 11 0 0 0 0 0 0 0 0 0 0 0 0 0 4 0 0 0 0 0 0 0 0 0 0 0 0 0 0 0 0 0 0 0 0 0 0 0 0 0 0 0 0 0 0 0 0 0 0 0 0 0 0 0 0 0 0 0 0 0 0 0 0 0 0 0 0 0 0 0 0 0 0 0 0 0 0 0 0 0 0 0 0 0 0 0 0 0 0 0 0 201 22 35 0 0 6 0 2 2 0 2 0 2 0 0 0 0 54 0 0 0 0 0 0 0 0 0 0 0 0 0 0 0 0 0 0 0 1 0 1 0 1 0 1 0 0 5 0 0 151 0 0 0 0 0 0 0 0 0 2 0 0 0 0 0 0 0 0 0 0 0 0 0 0 0 0 0 14 0 0 0 0 0 0 0 0 1 0 0 0 0 0 0 0 0 0 0 0 0 0 5675 3 5 0 0 0 0 0 0 0 0 0 0 0 2426 0 0
ctxt 272679
btime 1745758567
processes 2797
procs_running 11
procs_blocked 2
softirq 54115 0 25900 1 1 0 0 915 7071 0 20227

3111
cpu  4715 169 4319 2570 182 290 58 0 0 0
cpu0 1048 21 1143 555 104 192 14 0 0 0
cpu1 1071 46 1265 624 23 33 15 0 0 0
cpu2 1198 48 1003 759 21 31 12 0 0 0
cpu3 1397 52 907 630 32 32 14 0 0 0
intr 117933 0 0 0 0 31181 0 0 0 11 11 0 0 0 0 0 0 0 0 0 0 0 0 0 1612 19563 2 0 2 0 7 17 0 6 1 38 29 0 0 0 0 0 0 0 0 1 79 0 0 0 0 0 0 11 0 0 0 0 0 0 0 0 0 0 0 0 0 4 0 0 0 0 0 0 0 0 0 0 0 0 0 0 0 0 0 0 0 0 0 0 0 0 0 0 0 0 0 0 0 0 0 0 0 0 0 0 0 0 0 0 0 0 0 0 0 0 0 0 0 0 0 0 0 0 0 0 0 0 0 0 0 0 0 0 0 0 0 0 0 0 0 0 0 0 289 22 53 0 0 6 0 2 2 0 2 0 2 0 0 0 0 54 0 0 0 0 0 0 0 0 0 0 0 0 0 0 0 0 0 0 0 1 0 1 0 1 0 1 0 0 5 0 0 151 0 0 0 0 0 0 0 0 0 2 0 0 0 0 0 0 0 0 0 0 0 0 0 0 0 0 0 14 0 0 0 0 0 0 0 0 1 0 0 0 0 0 0 0 0 0 0 0 0 0 5675 3 5 0 0 0 0 0 0 0 0 0 0 0 2426 0 0
ctxt 277261
btime 1745758567
processes 2815
procs_running 2
procs_blocked 0
softirq 54751 0 26175 1 1 0 0 944 7187 0 20443

3136
cpu  4761 169 4354 2583 182 292 58 0 0 0
cpu0 1061 21 1150 558 104 193 14 0 0 0
cpu1 1081 46 1272 629 23 34 16 0 0 0
cpu2 1211 48 1010 762 21 31 13 0 0 0
cpu3 1406 52 920 633 33 32 14 0 0 0
intr 119303 0 0 0 0 31444 0 0 0 11 11 0 0 0 0 0 0 0 0 0 0 0 0 0 1620 19571 2 0 2 0 7 17 0 6 1 38 29 0 0 0 0 0 0 0 0 1 79 0 0 0 0 0 0 11 0 0 0 0 0 0 0 0 0 0 0 0 0 4 0 0 0 0 0 0 0 0 0 0 0 0 0 0 0 0 0 0 0 0 0 0 0 0 0 0 0 0 0 0 0 0 0 0 0 0 0 0 0 0 0 0 0 0 0 0 0 0 0 0 0 0 0 0 0 0 0 0 0 0 0 0 0 0 0 0 0 0 0 0 0 0 0 0 0 0 335 22 68 0 0 6 0 2 2 0 2 0 2 0 0 0 0 54 0 0 0 0 0 0 0 0 0 0 0 0 0 0 0 0 0 0 0 1 0 1 0 1 0 1 0 0 5 0 0 151 0 0 0 0 0 0 0 0 0 2 0 0 0 0 0 0 0 0 0 0 0 0 0 0 0 0 0 14 0 0 0 0 0 0 0 0 1 0 0 0 0 0 0 0 0 0 0 0 0 0 5675 3 5 0 0 0 0 0 0 0 0 0 0 0 2426 0 0
ctxt 281559
btime 1745758567
processes 2860
procs_running 5
procs_blocked 0
softirq 55311 0 26391 1 1 0 0 945 7326 0 20647

3162
cpu  4796 170 4378 2623 182 293 59 0 0 0
cpu0 1069 21 1155 569 105 193 14 0 0 0
cpu1 1096 46 1277 634 23 34 16 0 0 0
cpu2 1219 49 1017 772 21 32 13 0 0 0
cpu3 1411 53 928 647 33 33 15 0 0 0
intr 120303 0 0 0 0 31666 0 0 0 11 11 0 0 0 0 0 0 0 0 0 0 0 0 0 1629 19583 2 0 2 0 7 17 0 6 1 38 29 0 0 0 0 0 0 0 0 1 79 0 0 0 0 0 0 11 0 0 0 0 0 0 0 0 0 0 0 0 0 4 0 0 0 0 0 0 0 0 0 0 0 0 0 0 0 0 0 0 0 0 0 0 0 0 0 0 0 0 0 0 0 0 0 0 0 0 0 0 0 0 0 0 0 0 0 0 0 0 0 0 0 0 0 0 0 0 0 0 0 0 0 0 0 0 0 0 0 0 0 0 0 0 0 0 0 0 363 22 84 0 0 6 0 2 2 0 2 0 2 0 0 0 0 54 0 0 0 0 0 0 0 0 0 0 0 0 0 0 0 0 0 0 0 1 0 1 0 1 0 1 0 0 5 0 0 151 0 0 0 0 0 0 0 0 0 2 0 0 0 0 0 0 0 0 0 0 0 0 0 0 0 0 0 14 0 0 0 0 0 0 0 0 1 0 0 0 0 0 0 0 0 0 0 0 0 0 5676 3 5 0 0 0 0 0 0 0 0 0 0 0 2426 0 0
ctxt 284008
btime 1745758567
processes 2877
procs_running 2
procs_blocked 0
softirq 55765 0 26576 1 1 0 0 947 7434 0 20806

3186
cpu  4830 171 4400 2661 182 294 60 0 0 0
cpu0 1077 21 1161 579 105 194 15 0 0 0
cpu1 1106 47 1282 641 23 34 16 0 0 0
cpu2 1227 49 1022 782 21 32 13 0 0 0
cpu3 1417 53 933 657 33 33 15 0 0 0
intr 121719 0 0 0 0 31873 0 0 0 11 11 0 0 0 0 0 0 0 0 0 0 0 0 0 1652 19584 2 0 2 0 7 17 0 6 1 38 29 0 0 0 0 0 0 0 0 1 79 0 0 0 0 0 0 11 0 0 0 0 0 0 0 0 0 0 0 0 0 4 0 0 0 0 0 0 0 0 0 0 0 0 0 0 0 0 0 0 0 0 0 0 0 0 0 0 0 0 0 0 0 0 0 0 0 0 0 0 0 0 0 0 0 0 0 0 0 0 0 0 0 0 0 0 0 0 0 0 0 0 0 0 0 0 0 0 0 0 0 0 0 0 0 0 0 0 369 22 95 0 0 6 0 2 2 0 2 0 2 0 0 0 0 54 0 0 0 0 0 0 0 0 0 0 0 0 0 0 0 0 0 0 0 1 0 1 0 1 0 1 0 0 5 0 0 151 0 0 0 0 0 0 0 0 0 2 0 0 0 0 0 0 0 0 0 0 0 0 0 0 0 0 0 14 0 0 0 0 0 0 0 0 1 0 0 0 0 0 0 0 0 0 0 0 0 0 5676 3 5 0 0 0 0 0 0 0 0 0 0 0 2426 0 0
ctxt 287166
btime 1745758567
processes 2884
procs_running 5
procs_blocked 0
softirq 56240 0 26752 1 1 0 0 947 7567 0 20972

3211
cpu  4854 175 4416 2713 184 295 60 0 0 0
cpu0 1083 22 1164 591 106 194 15 0 0 0
cpu1 1113 48 1285 656 23 34 16 0 0 0
cpu2 1236 49 1029 791 21 32 13 0 0 0
cpu3 1422 54 936 674 33 33 15 0 0 0
intr 122339 0 0 0 0 32056 0 0 0 11 11 0 0 0 0 0 0 0 0 0 0 0 0 0 1662 19615 2 0 2 0 7 17 0 6 1 38 29 0 0 0 0 0 0 0 0 1 79 0 0 0 0 0 0 11 0 0 0 0 0 0 0 0 0 0 0 0 0 4 0 0 0 0 0 0 0 0 0 0 0 0 0 0 0 0 0 0 0 0 0 0 0 0 0 0 0 0 0 0 0 0 0 0 0 0 0 0 0 0 0 0 0 0 0 0 0 0 0 0 0 0 0 0 0 0 0 0 0 0 0 0 0 0 0 0 0 0 0 0 0 0 0 0 0 0 370 22 101 0 0 6 0 2 2 0 2 0 2 0 0 0 0 54 0 0 0 0 0 0 0 0 0 0 0 0 0 0 0 0 0 0 0 1 0 1 0 1 0 1 0 0 5 0 0 151 0 0 0 0 0 0 0 0 0 2 0 0 0 0 0 0 0 0 0 0 0 0 0 0 0 0 0 14 0 0 0 0 0 0 0 0 1 0 0 0 0 0 0 0 0 0 0 0 0 0 5676 3 5 0 0 0 0 0 0 0 0 0 0 0 2426 0 0
ctxt 288653
btime 1745758567
processes 2887
procs_running 4
procs_blocked 0
softirq 56670 0 26910 1 1 0 0 957 7678 0 21123

3236
cpu  4881 176 4441 2743 196 297 61 0 0 0
cpu0 1091 22 1173 596 107 195 15 0 0 0
cpu1 1120 48 1290 662 28 35 16 0 0 0
cpu2 1241 49 1035 798 27 32 13 0 0 0
cpu3 1428 55 942 685 33 33 15 0 0 0
intr 123174 0 0 0 0 32243 0 0 0 11 11 0 0 0 0 0 0 0 0 0 0 0 0 0 1698 19680 2 0 2 0 7 17 0 6 1 38 29 0 0 0 0 0 0 0 0 1 79 0 0 0 0 0 0 11 0 0 0 0 0 0 0 0 0 0 0 0 0 4 0 0 0 0 0 0 0 0 0 0 0 0 0 0 0 0 0 0 0 0 0 0 0 0 0 0 0 0 0 0 0 0 0 0 0 0 0 0 0 0 0 0 0 0 0 0 0 0 0 0 0 0 0 0 0 0 0 0 0 0 0 0 0 0 0 0 0 0 0 0 0 0 0 0 0 0 372 22 107 0 0 6 0 2 2 0 2 0 2 0 0 0 0 54 0 0 0 0 0 0 0 0 0 0 0 0 0 0 0 0 0 0 0 1 0 1 0 1 0 1 0 0 5 0 0 151 0 0 0 0 0 0 0 0 0 2 0 0 0 0 0 0 0 0 0 0 0 0 0 0 0 0 0 14 0 0 0 0 0 0 0 0 1 0 0 0 0 0 0 0 0 0 0 0 0 0 5676 3 5 0 0 0 0 0 0 0 0 0 0 0 2426 0 0
ctxt 290357
btime 1745758567
processes 2906
procs_running 5
procs_blocked 0
softirq 57121 0 27080 1 1 0 0 967 7794 0 21278

3261
cpu  4913 176 4462 2788 196 298 61 0 0 0
cpu0 1100 22 1178 607 107 196 15 0 0 0
cpu1 1126 49 1295 676 28 35 16 0 0 0
cpu2 1251 49 1039 808 27 33 13 0 0 0
cpu3 1434 55 949 696 33 34 15 0 0 0
intr 123923 0 0 0 0 32464 0 0 0 11 11 0 0 0 0 0 0 0 0 0 0 0 0 0 1703 19693 2 0 2 0 7 17 0 6 1 38 29 0 0 0 0 0 0 0 0 1 79 0 0 0 0 0 0 11 0 0 0 0 0 0 0 0 0 0 0 0 0 4 0 0 0 0 0 0 0 0 0 0 0 0 0 0 0 0 0 0 0 0 0 0 0 0 0 0 0 0 0 0 0 0 0 0 0 0 0 0 0 0 0 0 0 0 0 0 0 0 0 0 0 0 0 0 0 0 0 0 0 0 0 0 0 0 0 0 0 0 0 0 0 0 0 0 0 0 387 22 120 0 0 6 0 2 2 0 2 0 2 0 0 0 0 54 0 0 0 0 0 0 0 0 0 0 0 0 0 0 0 0 0 0 0 1 0 1 0 1 0 1 0 0 5 0 0 151 0 0 0 0 0 0 0 0 0 2 0 0 0 0 0 0 0 0 0 0 0 0 0 0 0 0 0 14 0 0 0 0 0 0 0 0 1 0 0 0 0 0 0 0 0 0 0 0 0 0 5676 3 5 0 0 0 0 0 0 0 0 0 0 0 2426 0 0
ctxt 291928
btime 1745758567
processes 2910
procs_running 2
procs_blocked 0
softirq 57592 0 27262 1 1 0 0 969 7919 0 21440

3285
cpu  4938 178 4476 2842 197 299 61 0 0 0
cpu0 1105 22 1184 619 108 196 15 0 0 0
cpu1 1128 49 1298 694 28 35 16 0 0 0
cpu2 1255 50 1042 826 27 33 13 0 0 0
cpu3 1450 55 951 702 33 34 15 0 0 0
intr 124636 0 0 0 0 32623 0 0 0 11 11 0 0 0 0 0 0 0 0 0 0 0 0 0 1763 19737 2 0 2 0 7 17 0 6 1 38 29 0 0 0 0 0 0 0 0 1 79 0 0 0 0 0 0 11 0 0 0 0 0 0 0 0 0 0 0 0 0 4 0 0 0 0 0 0 0 0 0 0 0 0 0 0 0 0 0 0 0 0 0 0 0 0 0 0 0 0 0 0 0 0 0 0 0 0 0 0 0 0 0 0 0 0 0 0 0 0 0 0 0 0 0 0 0 0 0 0 0 0 0 0 0 0 0 0 0 0 0 0 0 0 0 0 0 0 387 22 127 0 0 6 0 2 2 0 2 0 2 0 0 0 0 54 0 0 0 0 0 0 0 0 0 0 0 0 0 0 0 0 0 0 0 1 0 1 0 1 0 1 0 0 5 0 0 151 0 0 0 0 0 0 0 0 0 2 0 0 0 0 0 0 0 0 0 0 0 0 0 0 0 0 0 14 0 0 0 0 0 0 0 0 1 0 0 0 0 0 0 0 0 0 0 0 0 0 5680 3 5 0 0 0 0 0 0 0 0 0 0 0 2426 0 0
ctxt 293433
btime 1745758567
processes 2914
procs_running 3
procs_blocked 0
softirq 57939 0 27400 1 1 0 0 989 7997 0 21551

3310
cpu  4970 180 4489 2892 198 301 62 0 0 0
cpu0 1110 23 1189 631 108 196 15 0 0 0
cpu1 1134 50 1301 709 28 35 17 0 0 0
cpu2 1261 51 1045 839 27 34 13 0 0 0
cpu3 1464 55 951 712 33 34 15 0 0 0
intr 125411 0 0 0 0 32814 0 0 0 11 11 0 0 0 0 0 0 0 0 0 0 0 0 0 1793 19749 2 0 2 0 7 18 0 6 1 38 29 0 0 0 0 0 0 0 0 1 79 0 0 0 0 0 0 11 0 0 0 0 0 0 0 0 0 0 0 0 0 4 0 0 0 0 0 0 0 0 0 0 0 0 0 0 0 0 0 0 0 0 0 0 0 0 0 0 0 0 0 0 0 0 0 0 0 0 0 0 0 0 0 0 0 0 0 0 0 0 0 0 0 0 0 0 0 0 0 0 0 0 0 0 0 0 0 0 0 0 0 0 0 0 0 0 0 0 407 22 137 0 0 6 0 2 2 0 2 0 2 0 0 0 0 54 0 0 0 0 0 0 0 0 0 0 0 0 0 0 0 0 0 0 0 1 0 1 0 1 0 1 0 0 5 0 0 151 0 0 0 0 0 0 0 0 0 2 0 0 0 0 0 0 0 0 0 0 0 0 0 0 0 0 0 14 0 0 0 0 0 0 0 0 1 0 0 0 0 0 0 0 0 0 0 0 0 0 5685 3 5 0 0 0 0 0 0 0 0 0 0 0 2426 0 0
ctxt 294825
btime 1745758567
processes 2914
procs_running 2
procs_blocked 0
softirq 58339 0 27561 1 1 0 0 993 8094 0 21689

